

Started GET "/animals" for 127.0.0.1 at 2014-02-17 16:23:12 -0500

ActionController::RoutingError (No route matches [GET] "/animals"):
  actionpack (4.0.2) lib/action_dispatch/middleware/debug_exceptions.rb:21:in `call'
  actionpack (4.0.2) lib/action_dispatch/middleware/show_exceptions.rb:30:in `call'
  railties (4.0.2) lib/rails/rack/logger.rb:38:in `call_app'
  railties (4.0.2) lib/rails/rack/logger.rb:20:in `block in call'
  activesupport (4.0.2) lib/active_support/tagged_logging.rb:67:in `block in tagged'
  activesupport (4.0.2) lib/active_support/tagged_logging.rb:25:in `tagged'
  activesupport (4.0.2) lib/active_support/tagged_logging.rb:67:in `tagged'
  railties (4.0.2) lib/rails/rack/logger.rb:20:in `call'
  actionpack (4.0.2) lib/action_dispatch/middleware/request_id.rb:21:in `call'
  rack (1.5.2) lib/rack/methodoverride.rb:21:in `call'
  rack (1.5.2) lib/rack/runtime.rb:17:in `call'
  activesupport (4.0.2) lib/active_support/cache/strategy/local_cache.rb:83:in `call'
  rack (1.5.2) lib/rack/lock.rb:17:in `call'
  actionpack (4.0.2) lib/action_dispatch/middleware/static.rb:64:in `call'
  rack (1.5.2) lib/rack/sendfile.rb:112:in `call'
  railties (4.0.2) lib/rails/engine.rb:511:in `call'
  railties (4.0.2) lib/rails/application.rb:97:in `call'
  rack (1.5.2) lib/rack/lock.rb:17:in `call'
  rack (1.5.2) lib/rack/content_length.rb:14:in `call'
  rack (1.5.2) lib/rack/handler/webrick.rb:60:in `service'
  /Users/katdrobnjakovic/.rvm/rubies/ruby-2.0.0-p247/lib/ruby/2.0.0/webrick/httpserver.rb:138:in `service'
  /Users/katdrobnjakovic/.rvm/rubies/ruby-2.0.0-p247/lib/ruby/2.0.0/webrick/httpserver.rb:94:in `run'
  /Users/katdrobnjakovic/.rvm/rubies/ruby-2.0.0-p247/lib/ruby/2.0.0/webrick/server.rb:295:in `block in start_thread'


  Rendered /Users/katdrobnjakovic/.rvm/gems/ruby-2.0.0-p247@global/gems/actionpack-4.0.2/lib/action_dispatch/middleware/templates/rescues/_trace.erb (1.2ms)
  Rendered /Users/katdrobnjakovic/.rvm/gems/ruby-2.0.0-p247@global/gems/actionpack-4.0.2/lib/action_dispatch/middleware/templates/routes/_route.html.erb (0.8ms)
  Rendered /Users/katdrobnjakovic/.rvm/gems/ruby-2.0.0-p247@global/gems/actionpack-4.0.2/lib/action_dispatch/middleware/templates/routes/_table.html.erb (7.5ms)
  Rendered /Users/katdrobnjakovic/.rvm/gems/ruby-2.0.0-p247@global/gems/actionpack-4.0.2/lib/action_dispatch/middleware/templates/rescues/routing_error.erb within rescues/layout (43.5ms)


Started GET "/animals" for 127.0.0.1 at 2014-02-17 16:23:16 -0500

ActionController::RoutingError (No route matches [GET] "/animals"):
  actionpack (4.0.2) lib/action_dispatch/middleware/debug_exceptions.rb:21:in `call'
  actionpack (4.0.2) lib/action_dispatch/middleware/show_exceptions.rb:30:in `call'
  railties (4.0.2) lib/rails/rack/logger.rb:38:in `call_app'
  railties (4.0.2) lib/rails/rack/logger.rb:20:in `block in call'
  activesupport (4.0.2) lib/active_support/tagged_logging.rb:67:in `block in tagged'
  activesupport (4.0.2) lib/active_support/tagged_logging.rb:25:in `tagged'
  activesupport (4.0.2) lib/active_support/tagged_logging.rb:67:in `tagged'
  railties (4.0.2) lib/rails/rack/logger.rb:20:in `call'
  actionpack (4.0.2) lib/action_dispatch/middleware/request_id.rb:21:in `call'
  rack (1.5.2) lib/rack/methodoverride.rb:21:in `call'
  rack (1.5.2) lib/rack/runtime.rb:17:in `call'
  activesupport (4.0.2) lib/active_support/cache/strategy/local_cache.rb:83:in `call'
  rack (1.5.2) lib/rack/lock.rb:17:in `call'
  actionpack (4.0.2) lib/action_dispatch/middleware/static.rb:64:in `call'
  rack (1.5.2) lib/rack/sendfile.rb:112:in `call'
  railties (4.0.2) lib/rails/engine.rb:511:in `call'
  railties (4.0.2) lib/rails/application.rb:97:in `call'
  rack (1.5.2) lib/rack/lock.rb:17:in `call'
  rack (1.5.2) lib/rack/content_length.rb:14:in `call'
  rack (1.5.2) lib/rack/handler/webrick.rb:60:in `service'
  /Users/katdrobnjakovic/.rvm/rubies/ruby-2.0.0-p247/lib/ruby/2.0.0/webrick/httpserver.rb:138:in `service'
  /Users/katdrobnjakovic/.rvm/rubies/ruby-2.0.0-p247/lib/ruby/2.0.0/webrick/httpserver.rb:94:in `run'
  /Users/katdrobnjakovic/.rvm/rubies/ruby-2.0.0-p247/lib/ruby/2.0.0/webrick/server.rb:295:in `block in start_thread'


  Rendered /Users/katdrobnjakovic/.rvm/gems/ruby-2.0.0-p247@global/gems/actionpack-4.0.2/lib/action_dispatch/middleware/templates/rescues/_trace.erb (1.0ms)
  Rendered /Users/katdrobnjakovic/.rvm/gems/ruby-2.0.0-p247@global/gems/actionpack-4.0.2/lib/action_dispatch/middleware/templates/routes/_route.html.erb (0.7ms)
  Rendered /Users/katdrobnjakovic/.rvm/gems/ruby-2.0.0-p247@global/gems/actionpack-4.0.2/lib/action_dispatch/middleware/templates/routes/_table.html.erb (1.0ms)
  Rendered /Users/katdrobnjakovic/.rvm/gems/ruby-2.0.0-p247@global/gems/actionpack-4.0.2/lib/action_dispatch/middleware/templates/rescues/routing_error.erb within rescues/layout (16.9ms)


Started GET "/animal_posts" for 127.0.0.1 at 2014-02-17 16:23:17 -0500

ActionController::RoutingError (No route matches [GET] "/animal_posts"):
  actionpack (4.0.2) lib/action_dispatch/middleware/debug_exceptions.rb:21:in `call'
  actionpack (4.0.2) lib/action_dispatch/middleware/show_exceptions.rb:30:in `call'
  railties (4.0.2) lib/rails/rack/logger.rb:38:in `call_app'
  railties (4.0.2) lib/rails/rack/logger.rb:20:in `block in call'
  activesupport (4.0.2) lib/active_support/tagged_logging.rb:67:in `block in tagged'
  activesupport (4.0.2) lib/active_support/tagged_logging.rb:25:in `tagged'
  activesupport (4.0.2) lib/active_support/tagged_logging.rb:67:in `tagged'
  railties (4.0.2) lib/rails/rack/logger.rb:20:in `call'
  actionpack (4.0.2) lib/action_dispatch/middleware/request_id.rb:21:in `call'
  rack (1.5.2) lib/rack/methodoverride.rb:21:in `call'
  rack (1.5.2) lib/rack/runtime.rb:17:in `call'
  activesupport (4.0.2) lib/active_support/cache/strategy/local_cache.rb:83:in `call'
  rack (1.5.2) lib/rack/lock.rb:17:in `call'
  actionpack (4.0.2) lib/action_dispatch/middleware/static.rb:64:in `call'
  rack (1.5.2) lib/rack/sendfile.rb:112:in `call'
  railties (4.0.2) lib/rails/engine.rb:511:in `call'
  railties (4.0.2) lib/rails/application.rb:97:in `call'
  rack (1.5.2) lib/rack/lock.rb:17:in `call'
  rack (1.5.2) lib/rack/content_length.rb:14:in `call'
  rack (1.5.2) lib/rack/handler/webrick.rb:60:in `service'
  /Users/katdrobnjakovic/.rvm/rubies/ruby-2.0.0-p247/lib/ruby/2.0.0/webrick/httpserver.rb:138:in `service'
  /Users/katdrobnjakovic/.rvm/rubies/ruby-2.0.0-p247/lib/ruby/2.0.0/webrick/httpserver.rb:94:in `run'
  /Users/katdrobnjakovic/.rvm/rubies/ruby-2.0.0-p247/lib/ruby/2.0.0/webrick/server.rb:295:in `block in start_thread'


  Rendered /Users/katdrobnjakovic/.rvm/gems/ruby-2.0.0-p247@global/gems/actionpack-4.0.2/lib/action_dispatch/middleware/templates/rescues/_trace.erb (1.2ms)
  Rendered /Users/katdrobnjakovic/.rvm/gems/ruby-2.0.0-p247@global/gems/actionpack-4.0.2/lib/action_dispatch/middleware/templates/routes/_route.html.erb (1.1ms)
  Rendered /Users/katdrobnjakovic/.rvm/gems/ruby-2.0.0-p247@global/gems/actionpack-4.0.2/lib/action_dispatch/middleware/templates/routes/_table.html.erb (1.8ms)
  Rendered /Users/katdrobnjakovic/.rvm/gems/ruby-2.0.0-p247@global/gems/actionpack-4.0.2/lib/action_dispatch/middleware/templates/rescues/routing_error.erb within rescues/layout (25.2ms)


Started GET "/animal_posts" for 127.0.0.1 at 2014-02-17 16:23:20 -0500

ActionController::RoutingError (No route matches [GET] "/animal_posts"):
  actionpack (4.0.2) lib/action_dispatch/middleware/debug_exceptions.rb:21:in `call'
  actionpack (4.0.2) lib/action_dispatch/middleware/show_exceptions.rb:30:in `call'
  railties (4.0.2) lib/rails/rack/logger.rb:38:in `call_app'
  railties (4.0.2) lib/rails/rack/logger.rb:20:in `block in call'
  activesupport (4.0.2) lib/active_support/tagged_logging.rb:67:in `block in tagged'
  activesupport (4.0.2) lib/active_support/tagged_logging.rb:25:in `tagged'
  activesupport (4.0.2) lib/active_support/tagged_logging.rb:67:in `tagged'
  railties (4.0.2) lib/rails/rack/logger.rb:20:in `call'
  actionpack (4.0.2) lib/action_dispatch/middleware/request_id.rb:21:in `call'
  rack (1.5.2) lib/rack/methodoverride.rb:21:in `call'
  rack (1.5.2) lib/rack/runtime.rb:17:in `call'
  activesupport (4.0.2) lib/active_support/cache/strategy/local_cache.rb:83:in `call'
  rack (1.5.2) lib/rack/lock.rb:17:in `call'
  actionpack (4.0.2) lib/action_dispatch/middleware/static.rb:64:in `call'
  rack (1.5.2) lib/rack/sendfile.rb:112:in `call'
  railties (4.0.2) lib/rails/engine.rb:511:in `call'
  railties (4.0.2) lib/rails/application.rb:97:in `call'
  rack (1.5.2) lib/rack/lock.rb:17:in `call'
  rack (1.5.2) lib/rack/content_length.rb:14:in `call'
  rack (1.5.2) lib/rack/handler/webrick.rb:60:in `service'
  /Users/katdrobnjakovic/.rvm/rubies/ruby-2.0.0-p247/lib/ruby/2.0.0/webrick/httpserver.rb:138:in `service'
  /Users/katdrobnjakovic/.rvm/rubies/ruby-2.0.0-p247/lib/ruby/2.0.0/webrick/httpserver.rb:94:in `run'
  /Users/katdrobnjakovic/.rvm/rubies/ruby-2.0.0-p247/lib/ruby/2.0.0/webrick/server.rb:295:in `block in start_thread'


  Rendered /Users/katdrobnjakovic/.rvm/gems/ruby-2.0.0-p247@global/gems/actionpack-4.0.2/lib/action_dispatch/middleware/templates/rescues/_trace.erb (0.9ms)
  Rendered /Users/katdrobnjakovic/.rvm/gems/ruby-2.0.0-p247@global/gems/actionpack-4.0.2/lib/action_dispatch/middleware/templates/routes/_route.html.erb (0.7ms)
  Rendered /Users/katdrobnjakovic/.rvm/gems/ruby-2.0.0-p247@global/gems/actionpack-4.0.2/lib/action_dispatch/middleware/templates/routes/_table.html.erb (1.1ms)
  Rendered /Users/katdrobnjakovic/.rvm/gems/ruby-2.0.0-p247@global/gems/actionpack-4.0.2/lib/action_dispatch/middleware/templates/rescues/routing_error.erb within rescues/layout (16.7ms)


Started GET "/animal_post" for 127.0.0.1 at 2014-02-17 16:23:20 -0500

ActionController::RoutingError (No route matches [GET] "/animal_post"):
  actionpack (4.0.2) lib/action_dispatch/middleware/debug_exceptions.rb:21:in `call'
  actionpack (4.0.2) lib/action_dispatch/middleware/show_exceptions.rb:30:in `call'
  railties (4.0.2) lib/rails/rack/logger.rb:38:in `call_app'
  railties (4.0.2) lib/rails/rack/logger.rb:20:in `block in call'
  activesupport (4.0.2) lib/active_support/tagged_logging.rb:67:in `block in tagged'
  activesupport (4.0.2) lib/active_support/tagged_logging.rb:25:in `tagged'
  activesupport (4.0.2) lib/active_support/tagged_logging.rb:67:in `tagged'
  railties (4.0.2) lib/rails/rack/logger.rb:20:in `call'
  actionpack (4.0.2) lib/action_dispatch/middleware/request_id.rb:21:in `call'
  rack (1.5.2) lib/rack/methodoverride.rb:21:in `call'
  rack (1.5.2) lib/rack/runtime.rb:17:in `call'
  activesupport (4.0.2) lib/active_support/cache/strategy/local_cache.rb:83:in `call'
  rack (1.5.2) lib/rack/lock.rb:17:in `call'
  actionpack (4.0.2) lib/action_dispatch/middleware/static.rb:64:in `call'
  rack (1.5.2) lib/rack/sendfile.rb:112:in `call'
  railties (4.0.2) lib/rails/engine.rb:511:in `call'
  railties (4.0.2) lib/rails/application.rb:97:in `call'
  rack (1.5.2) lib/rack/lock.rb:17:in `call'
  rack (1.5.2) lib/rack/content_length.rb:14:in `call'
  rack (1.5.2) lib/rack/handler/webrick.rb:60:in `service'
  /Users/katdrobnjakovic/.rvm/rubies/ruby-2.0.0-p247/lib/ruby/2.0.0/webrick/httpserver.rb:138:in `service'
  /Users/katdrobnjakovic/.rvm/rubies/ruby-2.0.0-p247/lib/ruby/2.0.0/webrick/httpserver.rb:94:in `run'
  /Users/katdrobnjakovic/.rvm/rubies/ruby-2.0.0-p247/lib/ruby/2.0.0/webrick/server.rb:295:in `block in start_thread'


  Rendered /Users/katdrobnjakovic/.rvm/gems/ruby-2.0.0-p247@global/gems/actionpack-4.0.2/lib/action_dispatch/middleware/templates/rescues/_trace.erb (1.4ms)
  Rendered /Users/katdrobnjakovic/.rvm/gems/ruby-2.0.0-p247@global/gems/actionpack-4.0.2/lib/action_dispatch/middleware/templates/routes/_route.html.erb (0.8ms)
  Rendered /Users/katdrobnjakovic/.rvm/gems/ruby-2.0.0-p247@global/gems/actionpack-4.0.2/lib/action_dispatch/middleware/templates/routes/_table.html.erb (1.9ms)
  Rendered /Users/katdrobnjakovic/.rvm/gems/ruby-2.0.0-p247@global/gems/actionpack-4.0.2/lib/action_dispatch/middleware/templates/rescues/routing_error.erb within rescues/layout (23.3ms)


Started GET "/animal_posts" for 127.0.0.1 at 2014-02-17 16:28:08 -0500

ActionController::RoutingError (No route matches [GET] "/animal_posts"):
  actionpack (4.0.2) lib/action_dispatch/middleware/debug_exceptions.rb:21:in `call'
  actionpack (4.0.2) lib/action_dispatch/middleware/show_exceptions.rb:30:in `call'
  railties (4.0.2) lib/rails/rack/logger.rb:38:in `call_app'
  railties (4.0.2) lib/rails/rack/logger.rb:20:in `block in call'
  activesupport (4.0.2) lib/active_support/tagged_logging.rb:67:in `block in tagged'
  activesupport (4.0.2) lib/active_support/tagged_logging.rb:25:in `tagged'
  activesupport (4.0.2) lib/active_support/tagged_logging.rb:67:in `tagged'
  railties (4.0.2) lib/rails/rack/logger.rb:20:in `call'
  actionpack (4.0.2) lib/action_dispatch/middleware/request_id.rb:21:in `call'
  rack (1.5.2) lib/rack/methodoverride.rb:21:in `call'
  rack (1.5.2) lib/rack/runtime.rb:17:in `call'
  activesupport (4.0.2) lib/active_support/cache/strategy/local_cache.rb:83:in `call'
  rack (1.5.2) lib/rack/lock.rb:17:in `call'
  actionpack (4.0.2) lib/action_dispatch/middleware/static.rb:64:in `call'
  rack (1.5.2) lib/rack/sendfile.rb:112:in `call'
  railties (4.0.2) lib/rails/engine.rb:511:in `call'
  railties (4.0.2) lib/rails/application.rb:97:in `call'
  rack (1.5.2) lib/rack/lock.rb:17:in `call'
  rack (1.5.2) lib/rack/content_length.rb:14:in `call'
  rack (1.5.2) lib/rack/handler/webrick.rb:60:in `service'
  /Users/katdrobnjakovic/.rvm/rubies/ruby-2.0.0-p247/lib/ruby/2.0.0/webrick/httpserver.rb:138:in `service'
  /Users/katdrobnjakovic/.rvm/rubies/ruby-2.0.0-p247/lib/ruby/2.0.0/webrick/httpserver.rb:94:in `run'
  /Users/katdrobnjakovic/.rvm/rubies/ruby-2.0.0-p247/lib/ruby/2.0.0/webrick/server.rb:295:in `block in start_thread'


  Rendered /Users/katdrobnjakovic/.rvm/gems/ruby-2.0.0-p247@global/gems/actionpack-4.0.2/lib/action_dispatch/middleware/templates/rescues/_trace.erb (1.0ms)
  Rendered /Users/katdrobnjakovic/.rvm/gems/ruby-2.0.0-p247@global/gems/actionpack-4.0.2/lib/action_dispatch/middleware/templates/routes/_route.html.erb (19.9ms)
  Rendered /Users/katdrobnjakovic/.rvm/gems/ruby-2.0.0-p247@global/gems/actionpack-4.0.2/lib/action_dispatch/middleware/templates/routes/_table.html.erb (1.1ms)
  Rendered /Users/katdrobnjakovic/.rvm/gems/ruby-2.0.0-p247@global/gems/actionpack-4.0.2/lib/action_dispatch/middleware/templates/rescues/routing_error.erb within rescues/layout (36.1ms)


Started GET "/animal_posts/" for 127.0.0.1 at 2014-02-17 16:28:10 -0500

ActionController::RoutingError (No route matches [GET] "/animal_posts"):
  actionpack (4.0.2) lib/action_dispatch/middleware/debug_exceptions.rb:21:in `call'
  actionpack (4.0.2) lib/action_dispatch/middleware/show_exceptions.rb:30:in `call'
  railties (4.0.2) lib/rails/rack/logger.rb:38:in `call_app'
  railties (4.0.2) lib/rails/rack/logger.rb:20:in `block in call'
  activesupport (4.0.2) lib/active_support/tagged_logging.rb:67:in `block in tagged'
  activesupport (4.0.2) lib/active_support/tagged_logging.rb:25:in `tagged'
  activesupport (4.0.2) lib/active_support/tagged_logging.rb:67:in `tagged'
  railties (4.0.2) lib/rails/rack/logger.rb:20:in `call'
  actionpack (4.0.2) lib/action_dispatch/middleware/request_id.rb:21:in `call'
  rack (1.5.2) lib/rack/methodoverride.rb:21:in `call'
  rack (1.5.2) lib/rack/runtime.rb:17:in `call'
  activesupport (4.0.2) lib/active_support/cache/strategy/local_cache.rb:83:in `call'
  rack (1.5.2) lib/rack/lock.rb:17:in `call'
  actionpack (4.0.2) lib/action_dispatch/middleware/static.rb:64:in `call'
  rack (1.5.2) lib/rack/sendfile.rb:112:in `call'
  railties (4.0.2) lib/rails/engine.rb:511:in `call'
  railties (4.0.2) lib/rails/application.rb:97:in `call'
  rack (1.5.2) lib/rack/lock.rb:17:in `call'
  rack (1.5.2) lib/rack/content_length.rb:14:in `call'
  rack (1.5.2) lib/rack/handler/webrick.rb:60:in `service'
  /Users/katdrobnjakovic/.rvm/rubies/ruby-2.0.0-p247/lib/ruby/2.0.0/webrick/httpserver.rb:138:in `service'
  /Users/katdrobnjakovic/.rvm/rubies/ruby-2.0.0-p247/lib/ruby/2.0.0/webrick/httpserver.rb:94:in `run'
  /Users/katdrobnjakovic/.rvm/rubies/ruby-2.0.0-p247/lib/ruby/2.0.0/webrick/server.rb:295:in `block in start_thread'


  Rendered /Users/katdrobnjakovic/.rvm/gems/ruby-2.0.0-p247@global/gems/actionpack-4.0.2/lib/action_dispatch/middleware/templates/rescues/_trace.erb (1.2ms)
  Rendered /Users/katdrobnjakovic/.rvm/gems/ruby-2.0.0-p247@global/gems/actionpack-4.0.2/lib/action_dispatch/middleware/templates/routes/_route.html.erb (0.8ms)
  Rendered /Users/katdrobnjakovic/.rvm/gems/ruby-2.0.0-p247@global/gems/actionpack-4.0.2/lib/action_dispatch/middleware/templates/routes/_table.html.erb (1.5ms)
  Rendered /Users/katdrobnjakovic/.rvm/gems/ruby-2.0.0-p247@global/gems/actionpack-4.0.2/lib/action_dispatch/middleware/templates/rescues/routing_error.erb within rescues/layout (19.9ms)


Started GET "/animal_posts" for 127.0.0.1 at 2014-02-17 16:28:21 -0500

ActionController::RoutingError (No route matches [GET] "/animal_posts"):
  actionpack (4.0.2) lib/action_dispatch/middleware/debug_exceptions.rb:21:in `call'
  actionpack (4.0.2) lib/action_dispatch/middleware/show_exceptions.rb:30:in `call'
  railties (4.0.2) lib/rails/rack/logger.rb:38:in `call_app'
  railties (4.0.2) lib/rails/rack/logger.rb:20:in `block in call'
  activesupport (4.0.2) lib/active_support/tagged_logging.rb:67:in `block in tagged'
  activesupport (4.0.2) lib/active_support/tagged_logging.rb:25:in `tagged'
  activesupport (4.0.2) lib/active_support/tagged_logging.rb:67:in `tagged'
  railties (4.0.2) lib/rails/rack/logger.rb:20:in `call'
  actionpack (4.0.2) lib/action_dispatch/middleware/request_id.rb:21:in `call'
  rack (1.5.2) lib/rack/methodoverride.rb:21:in `call'
  rack (1.5.2) lib/rack/runtime.rb:17:in `call'
  activesupport (4.0.2) lib/active_support/cache/strategy/local_cache.rb:83:in `call'
  rack (1.5.2) lib/rack/lock.rb:17:in `call'
  actionpack (4.0.2) lib/action_dispatch/middleware/static.rb:64:in `call'
  rack (1.5.2) lib/rack/sendfile.rb:112:in `call'
  railties (4.0.2) lib/rails/engine.rb:511:in `call'
  railties (4.0.2) lib/rails/application.rb:97:in `call'
  rack (1.5.2) lib/rack/lock.rb:17:in `call'
  rack (1.5.2) lib/rack/content_length.rb:14:in `call'
  rack (1.5.2) lib/rack/handler/webrick.rb:60:in `service'
  /Users/katdrobnjakovic/.rvm/rubies/ruby-2.0.0-p247/lib/ruby/2.0.0/webrick/httpserver.rb:138:in `service'
  /Users/katdrobnjakovic/.rvm/rubies/ruby-2.0.0-p247/lib/ruby/2.0.0/webrick/httpserver.rb:94:in `run'
  /Users/katdrobnjakovic/.rvm/rubies/ruby-2.0.0-p247/lib/ruby/2.0.0/webrick/server.rb:295:in `block in start_thread'


  Rendered /Users/katdrobnjakovic/.rvm/gems/ruby-2.0.0-p247@global/gems/actionpack-4.0.2/lib/action_dispatch/middleware/templates/rescues/_trace.erb (1.0ms)
  Rendered /Users/katdrobnjakovic/.rvm/gems/ruby-2.0.0-p247@global/gems/actionpack-4.0.2/lib/action_dispatch/middleware/templates/routes/_route.html.erb (0.6ms)
  Rendered /Users/katdrobnjakovic/.rvm/gems/ruby-2.0.0-p247@global/gems/actionpack-4.0.2/lib/action_dispatch/middleware/templates/routes/_table.html.erb (1.0ms)
  Rendered /Users/katdrobnjakovic/.rvm/gems/ruby-2.0.0-p247@global/gems/actionpack-4.0.2/lib/action_dispatch/middleware/templates/rescues/routing_error.erb within rescues/layout (18.1ms)


Started GET "/animal_posts" for 127.0.0.1 at 2014-02-17 16:28:22 -0500

ActionController::RoutingError (No route matches [GET] "/animal_posts"):
  actionpack (4.0.2) lib/action_dispatch/middleware/debug_exceptions.rb:21:in `call'
  actionpack (4.0.2) lib/action_dispatch/middleware/show_exceptions.rb:30:in `call'
  railties (4.0.2) lib/rails/rack/logger.rb:38:in `call_app'
  railties (4.0.2) lib/rails/rack/logger.rb:20:in `block in call'
  activesupport (4.0.2) lib/active_support/tagged_logging.rb:67:in `block in tagged'
  activesupport (4.0.2) lib/active_support/tagged_logging.rb:25:in `tagged'
  activesupport (4.0.2) lib/active_support/tagged_logging.rb:67:in `tagged'
  railties (4.0.2) lib/rails/rack/logger.rb:20:in `call'
  actionpack (4.0.2) lib/action_dispatch/middleware/request_id.rb:21:in `call'
  rack (1.5.2) lib/rack/methodoverride.rb:21:in `call'
  rack (1.5.2) lib/rack/runtime.rb:17:in `call'
  activesupport (4.0.2) lib/active_support/cache/strategy/local_cache.rb:83:in `call'
  rack (1.5.2) lib/rack/lock.rb:17:in `call'
  actionpack (4.0.2) lib/action_dispatch/middleware/static.rb:64:in `call'
  rack (1.5.2) lib/rack/sendfile.rb:112:in `call'
  railties (4.0.2) lib/rails/engine.rb:511:in `call'
  railties (4.0.2) lib/rails/application.rb:97:in `call'
  rack (1.5.2) lib/rack/lock.rb:17:in `call'
  rack (1.5.2) lib/rack/content_length.rb:14:in `call'
  rack (1.5.2) lib/rack/handler/webrick.rb:60:in `service'
  /Users/katdrobnjakovic/.rvm/rubies/ruby-2.0.0-p247/lib/ruby/2.0.0/webrick/httpserver.rb:138:in `service'
  /Users/katdrobnjakovic/.rvm/rubies/ruby-2.0.0-p247/lib/ruby/2.0.0/webrick/httpserver.rb:94:in `run'
  /Users/katdrobnjakovic/.rvm/rubies/ruby-2.0.0-p247/lib/ruby/2.0.0/webrick/server.rb:295:in `block in start_thread'


  Rendered /Users/katdrobnjakovic/.rvm/gems/ruby-2.0.0-p247@global/gems/actionpack-4.0.2/lib/action_dispatch/middleware/templates/rescues/_trace.erb (1.8ms)
  Rendered /Users/katdrobnjakovic/.rvm/gems/ruby-2.0.0-p247@global/gems/actionpack-4.0.2/lib/action_dispatch/middleware/templates/routes/_route.html.erb (1.0ms)
  Rendered /Users/katdrobnjakovic/.rvm/gems/ruby-2.0.0-p247@global/gems/actionpack-4.0.2/lib/action_dispatch/middleware/templates/routes/_table.html.erb (1.5ms)
  Rendered /Users/katdrobnjakovic/.rvm/gems/ruby-2.0.0-p247@global/gems/actionpack-4.0.2/lib/action_dispatch/middleware/templates/rescues/routing_error.erb within rescues/layout (23.3ms)


Started GET "/animal_posts" for 127.0.0.1 at 2014-02-17 16:28:44 -0500
Processing by AnimalPostsController#index as HTML
Completed 500 Internal Server Error in 64ms

NameError (uninitialized constant AnimalPostsController::Animal):
  app/controllers/animal_posts_controller.rb:3:in `index'


  Rendered /Users/katdrobnjakovic/.rvm/gems/ruby-2.0.0-p247@global/gems/actionpack-4.0.2/lib/action_dispatch/middleware/templates/rescues/_source.erb (0.8ms)
  Rendered /Users/katdrobnjakovic/.rvm/gems/ruby-2.0.0-p247@global/gems/actionpack-4.0.2/lib/action_dispatch/middleware/templates/rescues/_trace.erb (1.1ms)
  Rendered /Users/katdrobnjakovic/.rvm/gems/ruby-2.0.0-p247@global/gems/actionpack-4.0.2/lib/action_dispatch/middleware/templates/rescues/_request_and_response.erb (1.0ms)
  Rendered /Users/katdrobnjakovic/.rvm/gems/ruby-2.0.0-p247@global/gems/actionpack-4.0.2/lib/action_dispatch/middleware/templates/rescues/diagnostics.erb within rescues/layout (24.1ms)


Started GET "/animal_posts" for 127.0.0.1 at 2014-02-17 16:29:00 -0500
Processing by AnimalPostsController#index as HTML
Completed 500 Internal Server Error in 2ms

NameError (uninitialized constant AnimalPostsController::Animal):
  app/controllers/animal_posts_controller.rb:3:in `index'


  Rendered /Users/katdrobnjakovic/.rvm/gems/ruby-2.0.0-p247@global/gems/actionpack-4.0.2/lib/action_dispatch/middleware/templates/rescues/_source.erb (0.7ms)
  Rendered /Users/katdrobnjakovic/.rvm/gems/ruby-2.0.0-p247@global/gems/actionpack-4.0.2/lib/action_dispatch/middleware/templates/rescues/_trace.erb (1.1ms)
  Rendered /Users/katdrobnjakovic/.rvm/gems/ruby-2.0.0-p247@global/gems/actionpack-4.0.2/lib/action_dispatch/middleware/templates/rescues/_request_and_response.erb (1.0ms)
  Rendered /Users/katdrobnjakovic/.rvm/gems/ruby-2.0.0-p247@global/gems/actionpack-4.0.2/lib/action_dispatch/middleware/templates/rescues/diagnostics.erb within rescues/layout (17.4ms)


Started GET "/animal_posts" for 127.0.0.1 at 2014-02-17 16:29:04 -0500
Processing by AnimalPostsController#index as HTML
Completed 500 Internal Server Error in 2ms

NameError (uninitialized constant AnimalPostsController::Animal):
  app/controllers/animal_posts_controller.rb:3:in `index'


  Rendered /Users/katdrobnjakovic/.rvm/gems/ruby-2.0.0-p247@global/gems/actionpack-4.0.2/lib/action_dispatch/middleware/templates/rescues/_source.erb (0.8ms)
  Rendered /Users/katdrobnjakovic/.rvm/gems/ruby-2.0.0-p247@global/gems/actionpack-4.0.2/lib/action_dispatch/middleware/templates/rescues/_trace.erb (1.9ms)
  Rendered /Users/katdrobnjakovic/.rvm/gems/ruby-2.0.0-p247@global/gems/actionpack-4.0.2/lib/action_dispatch/middleware/templates/rescues/_request_and_response.erb (1.0ms)
  Rendered /Users/katdrobnjakovic/.rvm/gems/ruby-2.0.0-p247@global/gems/actionpack-4.0.2/lib/action_dispatch/middleware/templates/rescues/diagnostics.erb within rescues/layout (21.3ms)


Started GET "/animal_posts" for 127.0.0.1 at 2014-02-17 16:31:31 -0500
Processing by AnimalPostsController#index as HTML
Completed 500 Internal Server Error in 28ms

NameError (uninitialized constant AnimalPostsController::AnimalPost):
  app/controllers/animal_posts_controller.rb:3:in `index'


  Rendered /Users/katdrobnjakovic/.rvm/gems/ruby-2.0.0-p247@global/gems/actionpack-4.0.2/lib/action_dispatch/middleware/templates/rescues/_source.erb (1.2ms)
  Rendered /Users/katdrobnjakovic/.rvm/gems/ruby-2.0.0-p247@global/gems/actionpack-4.0.2/lib/action_dispatch/middleware/templates/rescues/_trace.erb (1.3ms)
  Rendered /Users/katdrobnjakovic/.rvm/gems/ruby-2.0.0-p247@global/gems/actionpack-4.0.2/lib/action_dispatch/middleware/templates/rescues/_request_and_response.erb (0.9ms)
  Rendered /Users/katdrobnjakovic/.rvm/gems/ruby-2.0.0-p247@global/gems/actionpack-4.0.2/lib/action_dispatch/middleware/templates/rescues/diagnostics.erb within rescues/layout (22.9ms)


Started GET "/animal_posts" for 127.0.0.1 at 2014-02-17 16:34:06 -0500
Processing by AnimalPostsController#index as HTML
Completed 500 Internal Server Error in 1ms

NameError (uninitialized constant AnimalPostsController::AnimalPost):
  app/controllers/animal_posts_controller.rb:3:in `index'


  Rendered /Users/katdrobnjakovic/.rvm/gems/ruby-2.0.0-p247@global/gems/actionpack-4.0.2/lib/action_dispatch/middleware/templates/rescues/_source.erb (0.6ms)
  Rendered /Users/katdrobnjakovic/.rvm/gems/ruby-2.0.0-p247@global/gems/actionpack-4.0.2/lib/action_dispatch/middleware/templates/rescues/_trace.erb (1.0ms)
  Rendered /Users/katdrobnjakovic/.rvm/gems/ruby-2.0.0-p247@global/gems/actionpack-4.0.2/lib/action_dispatch/middleware/templates/rescues/_request_and_response.erb (1.0ms)
  Rendered /Users/katdrobnjakovic/.rvm/gems/ruby-2.0.0-p247@global/gems/actionpack-4.0.2/lib/action_dispatch/middleware/templates/rescues/diagnostics.erb within rescues/layout (16.9ms)


Started GET "/animal_posts" for 127.0.0.1 at 2014-02-17 16:35:37 -0500

ActionController::RoutingError (No route matches [GET] "/animal_posts"):
  actionpack (4.0.2) lib/action_dispatch/middleware/debug_exceptions.rb:21:in `call'
  actionpack (4.0.2) lib/action_dispatch/middleware/show_exceptions.rb:30:in `call'
  railties (4.0.2) lib/rails/rack/logger.rb:38:in `call_app'
  railties (4.0.2) lib/rails/rack/logger.rb:20:in `block in call'
  activesupport (4.0.2) lib/active_support/tagged_logging.rb:67:in `block in tagged'
  activesupport (4.0.2) lib/active_support/tagged_logging.rb:25:in `tagged'
  activesupport (4.0.2) lib/active_support/tagged_logging.rb:67:in `tagged'
  railties (4.0.2) lib/rails/rack/logger.rb:20:in `call'
  actionpack (4.0.2) lib/action_dispatch/middleware/request_id.rb:21:in `call'
  rack (1.5.2) lib/rack/methodoverride.rb:21:in `call'
  rack (1.5.2) lib/rack/runtime.rb:17:in `call'
  activesupport (4.0.2) lib/active_support/cache/strategy/local_cache.rb:83:in `call'
  rack (1.5.2) lib/rack/lock.rb:17:in `call'
  actionpack (4.0.2) lib/action_dispatch/middleware/static.rb:64:in `call'
  rack (1.5.2) lib/rack/sendfile.rb:112:in `call'
  railties (4.0.2) lib/rails/engine.rb:511:in `call'
  railties (4.0.2) lib/rails/application.rb:97:in `call'
  rack (1.5.2) lib/rack/lock.rb:17:in `call'
  rack (1.5.2) lib/rack/content_length.rb:14:in `call'
  rack (1.5.2) lib/rack/handler/webrick.rb:60:in `service'
  /Users/katdrobnjakovic/.rvm/rubies/ruby-2.0.0-p247/lib/ruby/2.0.0/webrick/httpserver.rb:138:in `service'
  /Users/katdrobnjakovic/.rvm/rubies/ruby-2.0.0-p247/lib/ruby/2.0.0/webrick/httpserver.rb:94:in `run'
  /Users/katdrobnjakovic/.rvm/rubies/ruby-2.0.0-p247/lib/ruby/2.0.0/webrick/server.rb:295:in `block in start_thread'


  Rendered /Users/katdrobnjakovic/.rvm/gems/ruby-2.0.0-p247@global/gems/actionpack-4.0.2/lib/action_dispatch/middleware/templates/rescues/_trace.erb (1.1ms)
  Rendered /Users/katdrobnjakovic/.rvm/gems/ruby-2.0.0-p247@global/gems/actionpack-4.0.2/lib/action_dispatch/middleware/templates/routes/_table.html.erb (1.7ms)
  Rendered /Users/katdrobnjakovic/.rvm/gems/ruby-2.0.0-p247@global/gems/actionpack-4.0.2/lib/action_dispatch/middleware/templates/rescues/routing_error.erb within rescues/layout (16.2ms)


Started GET "/animal_posts" for 127.0.0.1 at 2014-02-17 16:36:29 -0500
Processing by AnimalPostsController#index as HTML
Completed 500 Internal Server Error in 1ms

NameError (uninitialized constant AnimalPostsController::AnimalPost):
  app/controllers/animal_posts_controller.rb:3:in `index'


  Rendered /Users/katdrobnjakovic/.rvm/gems/ruby-2.0.0-p247@global/gems/actionpack-4.0.2/lib/action_dispatch/middleware/templates/rescues/_source.erb (0.8ms)
  Rendered /Users/katdrobnjakovic/.rvm/gems/ruby-2.0.0-p247@global/gems/actionpack-4.0.2/lib/action_dispatch/middleware/templates/rescues/_trace.erb (1.3ms)
  Rendered /Users/katdrobnjakovic/.rvm/gems/ruby-2.0.0-p247@global/gems/actionpack-4.0.2/lib/action_dispatch/middleware/templates/rescues/_request_and_response.erb (1.6ms)
  Rendered /Users/katdrobnjakovic/.rvm/gems/ruby-2.0.0-p247@global/gems/actionpack-4.0.2/lib/action_dispatch/middleware/templates/rescues/diagnostics.erb within rescues/layout (21.7ms)


Started GET "/animal_posts" for 127.0.0.1 at 2014-02-17 16:36:57 -0500
Processing by AnimalPostsController#index as HTML
Completed 500 Internal Server Error in 2ms

NameError (uninitialized constant AnimalPostsController::AnimalPost):
  app/controllers/animal_posts_controller.rb:3:in `index'


  Rendered /Users/katdrobnjakovic/.rvm/gems/ruby-2.0.0-p247@global/gems/actionpack-4.0.2/lib/action_dispatch/middleware/templates/rescues/_source.erb (0.7ms)
  Rendered /Users/katdrobnjakovic/.rvm/gems/ruby-2.0.0-p247@global/gems/actionpack-4.0.2/lib/action_dispatch/middleware/templates/rescues/_trace.erb (1.3ms)
  Rendered /Users/katdrobnjakovic/.rvm/gems/ruby-2.0.0-p247@global/gems/actionpack-4.0.2/lib/action_dispatch/middleware/templates/rescues/_request_and_response.erb (1.0ms)
  Rendered /Users/katdrobnjakovic/.rvm/gems/ruby-2.0.0-p247@global/gems/actionpack-4.0.2/lib/action_dispatch/middleware/templates/rescues/diagnostics.erb within rescues/layout (17.0ms)


Started GET "/animal_posts" for 127.0.0.1 at 2014-02-17 16:39:45 -0500
Processing by AnimalPostsController#index as HTML
  [1m[36mAnimalPost Load (0.5ms)[0m  [1mSELECT "animal_posts".* FROM "animal_posts"[0m
SQLite3::SQLException: no such table: animal_posts: SELECT "animal_posts".* FROM "animal_posts"
  Rendered animal_posts/index.html.erb within layouts/application (3.6ms)
Completed 500 Internal Server Error in 13ms

ActionView::Template::Error (SQLite3::SQLException: no such table: animal_posts: SELECT "animal_posts".* FROM "animal_posts"):
    12: 
    13: <ul>
    14: 
    15: 	<%= render @animal_posts %>
    16: 
    17: </ul>
  app/views/animal_posts/index.html.erb:15:in `_app_views_animal_posts_index_html_erb__1222894564252014367_70357055420640'


  Rendered /Users/katdrobnjakovic/.rvm/gems/ruby-2.0.0-p247@global/gems/actionpack-4.0.2/lib/action_dispatch/middleware/templates/rescues/_trace.erb (1.1ms)
  Rendered /Users/katdrobnjakovic/.rvm/gems/ruby-2.0.0-p247@global/gems/actionpack-4.0.2/lib/action_dispatch/middleware/templates/rescues/_request_and_response.erb (1.5ms)
  Rendered /Users/katdrobnjakovic/.rvm/gems/ruby-2.0.0-p247@global/gems/actionpack-4.0.2/lib/action_dispatch/middleware/templates/rescues/template_error.erb within rescues/layout (14.1ms)


Started GET "/animal_posts" for 127.0.0.1 at 2014-02-17 16:41:14 -0500
Processing by AnimalPostsController#index as HTML
  [1m[35mAnimalPost Load (0.4ms)[0m  SELECT "animal_posts".* FROM "animal_posts"
SQLite3::SQLException: no such table: animal_posts: SELECT "animal_posts".* FROM "animal_posts"
  Rendered animal_posts/index.html.erb within layouts/application (2.4ms)
Completed 500 Internal Server Error in 6ms

ActionView::Template::Error (SQLite3::SQLException: no such table: animal_posts: SELECT "animal_posts".* FROM "animal_posts"):
    12: 
    13: <ul>
    14: 
    15: 	<%= render @animal_posts %>
    16: 
    17: </ul>
  app/views/animal_posts/index.html.erb:15:in `_app_views_animal_posts_index_html_erb__1222894564252014367_70357055420640'


  Rendered /Users/katdrobnjakovic/.rvm/gems/ruby-2.0.0-p247@global/gems/actionpack-4.0.2/lib/action_dispatch/middleware/templates/rescues/_trace.erb (2.0ms)
  Rendered /Users/katdrobnjakovic/.rvm/gems/ruby-2.0.0-p247@global/gems/actionpack-4.0.2/lib/action_dispatch/middleware/templates/rescues/_request_and_response.erb (1.6ms)
  Rendered /Users/katdrobnjakovic/.rvm/gems/ruby-2.0.0-p247@global/gems/actionpack-4.0.2/lib/action_dispatch/middleware/templates/rescues/template_error.erb within rescues/layout (16.9ms)


Started GET "/animal_posts" for 127.0.0.1 at 2014-02-17 16:43:09 -0500
Processing by AnimalPostsController#index as HTML
  [1m[36mAnimalPost Load (0.5ms)[0m  [1mSELECT "animal_posts".* FROM "animal_posts"[0m
SQLite3::SQLException: no such table: animal_posts: SELECT "animal_posts".* FROM "animal_posts"
  Rendered animal_posts/index.html.erb within layouts/application (2.9ms)
Completed 500 Internal Server Error in 7ms

ActionView::Template::Error (SQLite3::SQLException: no such table: animal_posts: SELECT "animal_posts".* FROM "animal_posts"):
    12: 
    13: <ul>
    14: 
    15: 	<%= render @animal_posts %>
    16: 
    17: </ul>
  app/views/animal_posts/index.html.erb:15:in `_app_views_animal_posts_index_html_erb__1222894564252014367_70357055420640'


  Rendered /Users/katdrobnjakovic/.rvm/gems/ruby-2.0.0-p247@global/gems/actionpack-4.0.2/lib/action_dispatch/middleware/templates/rescues/_trace.erb (1.3ms)
  Rendered /Users/katdrobnjakovic/.rvm/gems/ruby-2.0.0-p247@global/gems/actionpack-4.0.2/lib/action_dispatch/middleware/templates/rescues/_request_and_response.erb (0.9ms)
  Rendered /Users/katdrobnjakovic/.rvm/gems/ruby-2.0.0-p247@global/gems/actionpack-4.0.2/lib/action_dispatch/middleware/templates/rescues/template_error.erb within rescues/layout (12.8ms)
  [1m[36mActiveRecord::SchemaMigration Load (124.9ms)[0m  [1mSELECT "schema_migrations".* FROM "schema_migrations"[0m


Started GET "/animal_posts" for 127.0.0.1 at 2014-02-17 16:46:12 -0500
Processing by AnimalPostsController#index as HTML
  [1m[35mAnimalPost Load (0.5ms)[0m  SELECT "animal_posts".* FROM "animal_posts"
SQLite3::SQLException: no such table: animal_posts: SELECT "animal_posts".* FROM "animal_posts"
  Rendered animal_posts/index.html.erb within layouts/application (2.1ms)
Completed 500 Internal Server Error in 10ms

ActionView::Template::Error (SQLite3::SQLException: no such table: animal_posts: SELECT "animal_posts".* FROM "animal_posts"):
    12: 
    13: <ul>
    14: 
    15: 	<%= render @animal_posts %>
    16: 
    17: </ul>
  app/views/animal_posts/index.html.erb:15:in `_app_views_animal_posts_index_html_erb__1222894564252014367_70357055420640'


  Rendered /Users/katdrobnjakovic/.rvm/gems/ruby-2.0.0-p247@global/gems/actionpack-4.0.2/lib/action_dispatch/middleware/templates/rescues/_trace.erb (1.4ms)
  Rendered /Users/katdrobnjakovic/.rvm/gems/ruby-2.0.0-p247@global/gems/actionpack-4.0.2/lib/action_dispatch/middleware/templates/rescues/_request_and_response.erb (1.5ms)
  Rendered /Users/katdrobnjakovic/.rvm/gems/ruby-2.0.0-p247@global/gems/actionpack-4.0.2/lib/action_dispatch/middleware/templates/rescues/template_error.erb within rescues/layout (17.8ms)


Started GET "/animal_posts" for 127.0.0.1 at 2014-02-17 16:47:41 -0500
Processing by AnimalPostsController#index as HTML
  [1m[36mAnimalPost Load (0.6ms)[0m  [1mSELECT "animal_posts".* FROM "animal_posts"[0m
SQLite3::SQLException: no such table: animal_posts: SELECT "animal_posts".* FROM "animal_posts"
  Rendered animal_posts/index.html.erb within layouts/application (2.9ms)
Completed 500 Internal Server Error in 9ms

ActionView::Template::Error (SQLite3::SQLException: no such table: animal_posts: SELECT "animal_posts".* FROM "animal_posts"):
    12: 
    13: <ul>
    14: 
    15: 	<%= render @animal_posts %>
    16: 
    17: </ul>
  app/views/animal_posts/index.html.erb:15:in `_app_views_animal_posts_index_html_erb__1222894564252014367_70357055420640'


  Rendered /Users/katdrobnjakovic/.rvm/gems/ruby-2.0.0-p247@global/gems/actionpack-4.0.2/lib/action_dispatch/middleware/templates/rescues/_trace.erb (1.4ms)
  Rendered /Users/katdrobnjakovic/.rvm/gems/ruby-2.0.0-p247@global/gems/actionpack-4.0.2/lib/action_dispatch/middleware/templates/rescues/_request_and_response.erb (1.3ms)
  Rendered /Users/katdrobnjakovic/.rvm/gems/ruby-2.0.0-p247@global/gems/actionpack-4.0.2/lib/action_dispatch/middleware/templates/rescues/template_error.erb within rescues/layout (16.5ms)
  [1m[36mActiveRecord::SchemaMigration Load (0.6ms)[0m  [1mSELECT "schema_migrations".* FROM "schema_migrations"[0m
  [1m[36mActiveRecord::SchemaMigration Load (1.1ms)[0m  [1mSELECT "schema_migrations".* FROM "schema_migrations"[0m
Migrating to CreateAnimalPosts (20140217215045)
  [1m[35m (12.1ms)[0m  BEGIN
  [1m[36m (1029.8ms)[0m  [1mCREATE TABLE "animal_posts" ("id" serial primary key, "title" character varying(255), "body" text, "created_at" timestamp, "updated_at" timestamp) [0m
  [1m[35mSQL (109.2ms)[0m  INSERT INTO "schema_migrations" ("version") VALUES ($1)  [["version", "20140217215045"]]
  [1m[36m (1721.3ms)[0m  [1mCOMMIT[0m
  [1m[35mActiveRecord::SchemaMigration Load (0.5ms)[0m  SELECT "schema_migrations".* FROM "schema_migrations"


Started GET "/animal_posts" for 127.0.0.1 at 2014-02-17 16:51:42 -0500

ActiveRecord::PendingMigrationError (Migrations are pending; run 'bin/rake db:migrate RAILS_ENV=development' to resolve this issue.):
  activerecord (4.0.2) lib/active_record/migration.rb:379:in `check_pending!'
  activerecord (4.0.2) lib/active_record/migration.rb:366:in `call'
  actionpack (4.0.2) lib/action_dispatch/middleware/callbacks.rb:29:in `block in call'
  activesupport (4.0.2) lib/active_support/callbacks.rb:373:in `_run__1494836752160263286__call__callbacks'
  activesupport (4.0.2) lib/active_support/callbacks.rb:80:in `run_callbacks'
  actionpack (4.0.2) lib/action_dispatch/middleware/callbacks.rb:27:in `call'
  actionpack (4.0.2) lib/action_dispatch/middleware/reloader.rb:64:in `call'
  actionpack (4.0.2) lib/action_dispatch/middleware/remote_ip.rb:76:in `call'
  actionpack (4.0.2) lib/action_dispatch/middleware/debug_exceptions.rb:17:in `call'
  actionpack (4.0.2) lib/action_dispatch/middleware/show_exceptions.rb:30:in `call'
  railties (4.0.2) lib/rails/rack/logger.rb:38:in `call_app'
  railties (4.0.2) lib/rails/rack/logger.rb:20:in `block in call'
  activesupport (4.0.2) lib/active_support/tagged_logging.rb:67:in `block in tagged'
  activesupport (4.0.2) lib/active_support/tagged_logging.rb:25:in `tagged'
  activesupport (4.0.2) lib/active_support/tagged_logging.rb:67:in `tagged'
  railties (4.0.2) lib/rails/rack/logger.rb:20:in `call'
  actionpack (4.0.2) lib/action_dispatch/middleware/request_id.rb:21:in `call'
  rack (1.5.2) lib/rack/methodoverride.rb:21:in `call'
  rack (1.5.2) lib/rack/runtime.rb:17:in `call'
  activesupport (4.0.2) lib/active_support/cache/strategy/local_cache.rb:83:in `call'
  rack (1.5.2) lib/rack/lock.rb:17:in `call'
  actionpack (4.0.2) lib/action_dispatch/middleware/static.rb:64:in `call'
  rack (1.5.2) lib/rack/sendfile.rb:112:in `call'
  railties (4.0.2) lib/rails/engine.rb:511:in `call'
  railties (4.0.2) lib/rails/application.rb:97:in `call'
  rack (1.5.2) lib/rack/lock.rb:17:in `call'
  rack (1.5.2) lib/rack/content_length.rb:14:in `call'
  rack (1.5.2) lib/rack/handler/webrick.rb:60:in `service'
  /Users/katdrobnjakovic/.rvm/rubies/ruby-2.0.0-p247/lib/ruby/2.0.0/webrick/httpserver.rb:138:in `service'
  /Users/katdrobnjakovic/.rvm/rubies/ruby-2.0.0-p247/lib/ruby/2.0.0/webrick/httpserver.rb:94:in `run'
  /Users/katdrobnjakovic/.rvm/rubies/ruby-2.0.0-p247/lib/ruby/2.0.0/webrick/server.rb:295:in `block in start_thread'


  Rendered /Users/katdrobnjakovic/.rvm/gems/ruby-2.0.0-p247@global/gems/actionpack-4.0.2/lib/action_dispatch/middleware/templates/rescues/_source.erb (0.7ms)
  Rendered /Users/katdrobnjakovic/.rvm/gems/ruby-2.0.0-p247@global/gems/actionpack-4.0.2/lib/action_dispatch/middleware/templates/rescues/_trace.erb (1.2ms)
  Rendered /Users/katdrobnjakovic/.rvm/gems/ruby-2.0.0-p247@global/gems/actionpack-4.0.2/lib/action_dispatch/middleware/templates/rescues/_request_and_response.erb (0.9ms)
  Rendered /Users/katdrobnjakovic/.rvm/gems/ruby-2.0.0-p247@global/gems/actionpack-4.0.2/lib/action_dispatch/middleware/templates/rescues/diagnostics.erb within rescues/layout (24.3ms)
  [1m[36mActiveRecord::SchemaMigration Load (0.9ms)[0m  [1mSELECT "schema_migrations".* FROM "schema_migrations"[0m
  [1m[35mActiveRecord::SchemaMigration Load (0.3ms)[0m  SELECT "schema_migrations".* FROM "schema_migrations"


Started GET "/animal_posts" for 127.0.0.1 at 2014-02-17 16:52:26 -0500

ActiveRecord::PendingMigrationError (Migrations are pending; run 'bin/rake db:migrate RAILS_ENV=development' to resolve this issue.):
  activerecord (4.0.2) lib/active_record/migration.rb:379:in `check_pending!'
  activerecord (4.0.2) lib/active_record/migration.rb:366:in `call'
  actionpack (4.0.2) lib/action_dispatch/middleware/callbacks.rb:29:in `block in call'
  activesupport (4.0.2) lib/active_support/callbacks.rb:373:in `_run__1494836752160263286__call__callbacks'
  activesupport (4.0.2) lib/active_support/callbacks.rb:80:in `run_callbacks'
  actionpack (4.0.2) lib/action_dispatch/middleware/callbacks.rb:27:in `call'
  actionpack (4.0.2) lib/action_dispatch/middleware/reloader.rb:64:in `call'
  actionpack (4.0.2) lib/action_dispatch/middleware/remote_ip.rb:76:in `call'
  actionpack (4.0.2) lib/action_dispatch/middleware/debug_exceptions.rb:17:in `call'
  actionpack (4.0.2) lib/action_dispatch/middleware/show_exceptions.rb:30:in `call'
  railties (4.0.2) lib/rails/rack/logger.rb:38:in `call_app'
  railties (4.0.2) lib/rails/rack/logger.rb:20:in `block in call'
  activesupport (4.0.2) lib/active_support/tagged_logging.rb:67:in `block in tagged'
  activesupport (4.0.2) lib/active_support/tagged_logging.rb:25:in `tagged'
  activesupport (4.0.2) lib/active_support/tagged_logging.rb:67:in `tagged'
  railties (4.0.2) lib/rails/rack/logger.rb:20:in `call'
  actionpack (4.0.2) lib/action_dispatch/middleware/request_id.rb:21:in `call'
  rack (1.5.2) lib/rack/methodoverride.rb:21:in `call'
  rack (1.5.2) lib/rack/runtime.rb:17:in `call'
  activesupport (4.0.2) lib/active_support/cache/strategy/local_cache.rb:83:in `call'
  rack (1.5.2) lib/rack/lock.rb:17:in `call'
  actionpack (4.0.2) lib/action_dispatch/middleware/static.rb:64:in `call'
  rack (1.5.2) lib/rack/sendfile.rb:112:in `call'
  railties (4.0.2) lib/rails/engine.rb:511:in `call'
  railties (4.0.2) lib/rails/application.rb:97:in `call'
  rack (1.5.2) lib/rack/lock.rb:17:in `call'
  rack (1.5.2) lib/rack/content_length.rb:14:in `call'
  rack (1.5.2) lib/rack/handler/webrick.rb:60:in `service'
  /Users/katdrobnjakovic/.rvm/rubies/ruby-2.0.0-p247/lib/ruby/2.0.0/webrick/httpserver.rb:138:in `service'
  /Users/katdrobnjakovic/.rvm/rubies/ruby-2.0.0-p247/lib/ruby/2.0.0/webrick/httpserver.rb:94:in `run'
  /Users/katdrobnjakovic/.rvm/rubies/ruby-2.0.0-p247/lib/ruby/2.0.0/webrick/server.rb:295:in `block in start_thread'


  Rendered /Users/katdrobnjakovic/.rvm/gems/ruby-2.0.0-p247@global/gems/actionpack-4.0.2/lib/action_dispatch/middleware/templates/rescues/_source.erb (1.0ms)
  Rendered /Users/katdrobnjakovic/.rvm/gems/ruby-2.0.0-p247@global/gems/actionpack-4.0.2/lib/action_dispatch/middleware/templates/rescues/_trace.erb (1.3ms)
  Rendered /Users/katdrobnjakovic/.rvm/gems/ruby-2.0.0-p247@global/gems/actionpack-4.0.2/lib/action_dispatch/middleware/templates/rescues/_request_and_response.erb (0.9ms)
  Rendered /Users/katdrobnjakovic/.rvm/gems/ruby-2.0.0-p247@global/gems/actionpack-4.0.2/lib/action_dispatch/middleware/templates/rescues/diagnostics.erb within rescues/layout (43.1ms)


Started GET "/animal_posts" for 127.0.0.1 at 2014-02-17 16:52:48 -0500

ActiveRecord::PendingMigrationError (Migrations are pending; run 'bin/rake db:migrate RAILS_ENV=development' to resolve this issue.):
  activerecord (4.0.2) lib/active_record/migration.rb:379:in `check_pending!'
  activerecord (4.0.2) lib/active_record/migration.rb:366:in `call'
  actionpack (4.0.2) lib/action_dispatch/middleware/callbacks.rb:29:in `block in call'
  activesupport (4.0.2) lib/active_support/callbacks.rb:373:in `_run__1494836752160263286__call__callbacks'
  activesupport (4.0.2) lib/active_support/callbacks.rb:80:in `run_callbacks'
  actionpack (4.0.2) lib/action_dispatch/middleware/callbacks.rb:27:in `call'
  actionpack (4.0.2) lib/action_dispatch/middleware/reloader.rb:64:in `call'
  actionpack (4.0.2) lib/action_dispatch/middleware/remote_ip.rb:76:in `call'
  actionpack (4.0.2) lib/action_dispatch/middleware/debug_exceptions.rb:17:in `call'
  actionpack (4.0.2) lib/action_dispatch/middleware/show_exceptions.rb:30:in `call'
  railties (4.0.2) lib/rails/rack/logger.rb:38:in `call_app'
  railties (4.0.2) lib/rails/rack/logger.rb:20:in `block in call'
  activesupport (4.0.2) lib/active_support/tagged_logging.rb:67:in `block in tagged'
  activesupport (4.0.2) lib/active_support/tagged_logging.rb:25:in `tagged'
  activesupport (4.0.2) lib/active_support/tagged_logging.rb:67:in `tagged'
  railties (4.0.2) lib/rails/rack/logger.rb:20:in `call'
  actionpack (4.0.2) lib/action_dispatch/middleware/request_id.rb:21:in `call'
  rack (1.5.2) lib/rack/methodoverride.rb:21:in `call'
  rack (1.5.2) lib/rack/runtime.rb:17:in `call'
  activesupport (4.0.2) lib/active_support/cache/strategy/local_cache.rb:83:in `call'
  rack (1.5.2) lib/rack/lock.rb:17:in `call'
  actionpack (4.0.2) lib/action_dispatch/middleware/static.rb:64:in `call'
  rack (1.5.2) lib/rack/sendfile.rb:112:in `call'
  railties (4.0.2) lib/rails/engine.rb:511:in `call'
  railties (4.0.2) lib/rails/application.rb:97:in `call'
  rack (1.5.2) lib/rack/lock.rb:17:in `call'
  rack (1.5.2) lib/rack/content_length.rb:14:in `call'
  rack (1.5.2) lib/rack/handler/webrick.rb:60:in `service'
  /Users/katdrobnjakovic/.rvm/rubies/ruby-2.0.0-p247/lib/ruby/2.0.0/webrick/httpserver.rb:138:in `service'
  /Users/katdrobnjakovic/.rvm/rubies/ruby-2.0.0-p247/lib/ruby/2.0.0/webrick/httpserver.rb:94:in `run'
  /Users/katdrobnjakovic/.rvm/rubies/ruby-2.0.0-p247/lib/ruby/2.0.0/webrick/server.rb:295:in `block in start_thread'


  Rendered /Users/katdrobnjakovic/.rvm/gems/ruby-2.0.0-p247@global/gems/actionpack-4.0.2/lib/action_dispatch/middleware/templates/rescues/_source.erb (1.2ms)
  Rendered /Users/katdrobnjakovic/.rvm/gems/ruby-2.0.0-p247@global/gems/actionpack-4.0.2/lib/action_dispatch/middleware/templates/rescues/_trace.erb (1.2ms)
  Rendered /Users/katdrobnjakovic/.rvm/gems/ruby-2.0.0-p247@global/gems/actionpack-4.0.2/lib/action_dispatch/middleware/templates/rescues/_request_and_response.erb (0.9ms)
  Rendered /Users/katdrobnjakovic/.rvm/gems/ruby-2.0.0-p247@global/gems/actionpack-4.0.2/lib/action_dispatch/middleware/templates/rescues/diagnostics.erb within rescues/layout (23.6ms)
  [1m[36mActiveRecord::SchemaMigration Load (0.7ms)[0m  [1mSELECT "schema_migrations".* FROM "schema_migrations"[0m
  [1m[35mActiveRecord::SchemaMigration Load (0.4ms)[0m  SELECT "schema_migrations".* FROM "schema_migrations"
  [1m[36m (0.6ms)[0m  [1mBEGIN[0m
  [1m[35mSQL (139.5ms)[0m  INSERT INTO "animal_posts" ("body", "created_at", "title", "updated_at") VALUES ($1, $2, $3, $4) RETURNING "id"  [["body", "Cute little kitten"], ["created_at", Mon, 17 Feb 2014 21:55:41 UTC +00:00], ["title", "Sally"], ["updated_at", Mon, 17 Feb 2014 21:55:41 UTC +00:00]]
  [1m[36m (21.7ms)[0m  [1mCOMMIT[0m


Started GET "/animal_posts" for 127.0.0.1 at 2014-02-17 16:56:33 -0500

ActiveRecord::PendingMigrationError (Migrations are pending; run 'bin/rake db:migrate RAILS_ENV=development' to resolve this issue.):
  activerecord (4.0.2) lib/active_record/migration.rb:379:in `check_pending!'
  activerecord (4.0.2) lib/active_record/migration.rb:366:in `call'
  actionpack (4.0.2) lib/action_dispatch/middleware/callbacks.rb:29:in `block in call'
  activesupport (4.0.2) lib/active_support/callbacks.rb:373:in `_run__1494836752160263286__call__callbacks'
  activesupport (4.0.2) lib/active_support/callbacks.rb:80:in `run_callbacks'
  actionpack (4.0.2) lib/action_dispatch/middleware/callbacks.rb:27:in `call'
  actionpack (4.0.2) lib/action_dispatch/middleware/reloader.rb:64:in `call'
  actionpack (4.0.2) lib/action_dispatch/middleware/remote_ip.rb:76:in `call'
  actionpack (4.0.2) lib/action_dispatch/middleware/debug_exceptions.rb:17:in `call'
  actionpack (4.0.2) lib/action_dispatch/middleware/show_exceptions.rb:30:in `call'
  railties (4.0.2) lib/rails/rack/logger.rb:38:in `call_app'
  railties (4.0.2) lib/rails/rack/logger.rb:20:in `block in call'
  activesupport (4.0.2) lib/active_support/tagged_logging.rb:67:in `block in tagged'
  activesupport (4.0.2) lib/active_support/tagged_logging.rb:25:in `tagged'
  activesupport (4.0.2) lib/active_support/tagged_logging.rb:67:in `tagged'
  railties (4.0.2) lib/rails/rack/logger.rb:20:in `call'
  actionpack (4.0.2) lib/action_dispatch/middleware/request_id.rb:21:in `call'
  rack (1.5.2) lib/rack/methodoverride.rb:21:in `call'
  rack (1.5.2) lib/rack/runtime.rb:17:in `call'
  activesupport (4.0.2) lib/active_support/cache/strategy/local_cache.rb:83:in `call'
  rack (1.5.2) lib/rack/lock.rb:17:in `call'
  actionpack (4.0.2) lib/action_dispatch/middleware/static.rb:64:in `call'
  rack (1.5.2) lib/rack/sendfile.rb:112:in `call'
  railties (4.0.2) lib/rails/engine.rb:511:in `call'
  railties (4.0.2) lib/rails/application.rb:97:in `call'
  rack (1.5.2) lib/rack/lock.rb:17:in `call'
  rack (1.5.2) lib/rack/content_length.rb:14:in `call'
  rack (1.5.2) lib/rack/handler/webrick.rb:60:in `service'
  /Users/katdrobnjakovic/.rvm/rubies/ruby-2.0.0-p247/lib/ruby/2.0.0/webrick/httpserver.rb:138:in `service'
  /Users/katdrobnjakovic/.rvm/rubies/ruby-2.0.0-p247/lib/ruby/2.0.0/webrick/httpserver.rb:94:in `run'
  /Users/katdrobnjakovic/.rvm/rubies/ruby-2.0.0-p247/lib/ruby/2.0.0/webrick/server.rb:295:in `block in start_thread'


  Rendered /Users/katdrobnjakovic/.rvm/gems/ruby-2.0.0-p247@global/gems/actionpack-4.0.2/lib/action_dispatch/middleware/templates/rescues/_source.erb (1.0ms)
  Rendered /Users/katdrobnjakovic/.rvm/gems/ruby-2.0.0-p247@global/gems/actionpack-4.0.2/lib/action_dispatch/middleware/templates/rescues/_trace.erb (1.8ms)
  Rendered /Users/katdrobnjakovic/.rvm/gems/ruby-2.0.0-p247@global/gems/actionpack-4.0.2/lib/action_dispatch/middleware/templates/rescues/_request_and_response.erb (1.1ms)
  Rendered /Users/katdrobnjakovic/.rvm/gems/ruby-2.0.0-p247@global/gems/actionpack-4.0.2/lib/action_dispatch/middleware/templates/rescues/diagnostics.erb within rescues/layout (26.6ms)
  [1m[36m (42.1ms)[0m  [1mDROP DATABASE IF EXISTS "postgres"[0m
PG::ObjectInUse: ERROR:  cannot drop the currently open database
: DROP DATABASE IF EXISTS "postgres"
  [1m[36mActiveRecord::SchemaMigration Load (2.1ms)[0m  [1mSELECT "schema_migrations".* FROM "schema_migrations"[0m
  [1m[35mActiveRecord::SchemaMigration Load (1.1ms)[0m  SELECT "schema_migrations".* FROM "schema_migrations"


Started GET "/animal_posts" for 127.0.0.1 at 2014-02-17 17:01:22 -0500

ActiveRecord::PendingMigrationError (Migrations are pending; run 'bin/rake db:migrate RAILS_ENV=development' to resolve this issue.):
  activerecord (4.0.2) lib/active_record/migration.rb:379:in `check_pending!'
  activerecord (4.0.2) lib/active_record/migration.rb:366:in `call'
  actionpack (4.0.2) lib/action_dispatch/middleware/callbacks.rb:29:in `block in call'
  activesupport (4.0.2) lib/active_support/callbacks.rb:373:in `_run__1494836752160263286__call__callbacks'
  activesupport (4.0.2) lib/active_support/callbacks.rb:80:in `run_callbacks'
  actionpack (4.0.2) lib/action_dispatch/middleware/callbacks.rb:27:in `call'
  actionpack (4.0.2) lib/action_dispatch/middleware/reloader.rb:64:in `call'
  actionpack (4.0.2) lib/action_dispatch/middleware/remote_ip.rb:76:in `call'
  actionpack (4.0.2) lib/action_dispatch/middleware/debug_exceptions.rb:17:in `call'
  actionpack (4.0.2) lib/action_dispatch/middleware/show_exceptions.rb:30:in `call'
  railties (4.0.2) lib/rails/rack/logger.rb:38:in `call_app'
  railties (4.0.2) lib/rails/rack/logger.rb:20:in `block in call'
  activesupport (4.0.2) lib/active_support/tagged_logging.rb:67:in `block in tagged'
  activesupport (4.0.2) lib/active_support/tagged_logging.rb:25:in `tagged'
  activesupport (4.0.2) lib/active_support/tagged_logging.rb:67:in `tagged'
  railties (4.0.2) lib/rails/rack/logger.rb:20:in `call'
  actionpack (4.0.2) lib/action_dispatch/middleware/request_id.rb:21:in `call'
  rack (1.5.2) lib/rack/methodoverride.rb:21:in `call'
  rack (1.5.2) lib/rack/runtime.rb:17:in `call'
  activesupport (4.0.2) lib/active_support/cache/strategy/local_cache.rb:83:in `call'
  rack (1.5.2) lib/rack/lock.rb:17:in `call'
  actionpack (4.0.2) lib/action_dispatch/middleware/static.rb:64:in `call'
  rack (1.5.2) lib/rack/sendfile.rb:112:in `call'
  railties (4.0.2) lib/rails/engine.rb:511:in `call'
  railties (4.0.2) lib/rails/application.rb:97:in `call'
  rack (1.5.2) lib/rack/lock.rb:17:in `call'
  rack (1.5.2) lib/rack/content_length.rb:14:in `call'
  rack (1.5.2) lib/rack/handler/webrick.rb:60:in `service'
  /Users/katdrobnjakovic/.rvm/rubies/ruby-2.0.0-p247/lib/ruby/2.0.0/webrick/httpserver.rb:138:in `service'
  /Users/katdrobnjakovic/.rvm/rubies/ruby-2.0.0-p247/lib/ruby/2.0.0/webrick/httpserver.rb:94:in `run'
  /Users/katdrobnjakovic/.rvm/rubies/ruby-2.0.0-p247/lib/ruby/2.0.0/webrick/server.rb:295:in `block in start_thread'


  Rendered /Users/katdrobnjakovic/.rvm/gems/ruby-2.0.0-p247@global/gems/actionpack-4.0.2/lib/action_dispatch/middleware/templates/rescues/_source.erb (2.1ms)
  Rendered /Users/katdrobnjakovic/.rvm/gems/ruby-2.0.0-p247@global/gems/actionpack-4.0.2/lib/action_dispatch/middleware/templates/rescues/_trace.erb (4.9ms)
  Rendered /Users/katdrobnjakovic/.rvm/gems/ruby-2.0.0-p247@global/gems/actionpack-4.0.2/lib/action_dispatch/middleware/templates/rescues/_request_and_response.erb (3.4ms)
  Rendered /Users/katdrobnjakovic/.rvm/gems/ruby-2.0.0-p247@global/gems/actionpack-4.0.2/lib/action_dispatch/middleware/templates/rescues/diagnostics.erb within rescues/layout (83.5ms)


Started GET "/animal_posts" for 127.0.0.1 at 2014-02-17 17:02:12 -0500

ActiveRecord::PendingMigrationError (Migrations are pending; run 'bin/rake db:migrate RAILS_ENV=development' to resolve this issue.):
  activerecord (4.0.2) lib/active_record/migration.rb:379:in `check_pending!'
  activerecord (4.0.2) lib/active_record/migration.rb:366:in `call'
  actionpack (4.0.2) lib/action_dispatch/middleware/callbacks.rb:29:in `block in call'
  activesupport (4.0.2) lib/active_support/callbacks.rb:373:in `_run__1494836752160263286__call__callbacks'
  activesupport (4.0.2) lib/active_support/callbacks.rb:80:in `run_callbacks'
  actionpack (4.0.2) lib/action_dispatch/middleware/callbacks.rb:27:in `call'
  actionpack (4.0.2) lib/action_dispatch/middleware/reloader.rb:64:in `call'
  actionpack (4.0.2) lib/action_dispatch/middleware/remote_ip.rb:76:in `call'
  actionpack (4.0.2) lib/action_dispatch/middleware/debug_exceptions.rb:17:in `call'
  actionpack (4.0.2) lib/action_dispatch/middleware/show_exceptions.rb:30:in `call'
  railties (4.0.2) lib/rails/rack/logger.rb:38:in `call_app'
  railties (4.0.2) lib/rails/rack/logger.rb:20:in `block in call'
  activesupport (4.0.2) lib/active_support/tagged_logging.rb:67:in `block in tagged'
  activesupport (4.0.2) lib/active_support/tagged_logging.rb:25:in `tagged'
  activesupport (4.0.2) lib/active_support/tagged_logging.rb:67:in `tagged'
  railties (4.0.2) lib/rails/rack/logger.rb:20:in `call'
  actionpack (4.0.2) lib/action_dispatch/middleware/request_id.rb:21:in `call'
  rack (1.5.2) lib/rack/methodoverride.rb:21:in `call'
  rack (1.5.2) lib/rack/runtime.rb:17:in `call'
  activesupport (4.0.2) lib/active_support/cache/strategy/local_cache.rb:83:in `call'
  rack (1.5.2) lib/rack/lock.rb:17:in `call'
  actionpack (4.0.2) lib/action_dispatch/middleware/static.rb:64:in `call'
  rack (1.5.2) lib/rack/sendfile.rb:112:in `call'
  railties (4.0.2) lib/rails/engine.rb:511:in `call'
  railties (4.0.2) lib/rails/application.rb:97:in `call'
  rack (1.5.2) lib/rack/lock.rb:17:in `call'
  rack (1.5.2) lib/rack/content_length.rb:14:in `call'
  rack (1.5.2) lib/rack/handler/webrick.rb:60:in `service'
  /Users/katdrobnjakovic/.rvm/rubies/ruby-2.0.0-p247/lib/ruby/2.0.0/webrick/httpserver.rb:138:in `service'
  /Users/katdrobnjakovic/.rvm/rubies/ruby-2.0.0-p247/lib/ruby/2.0.0/webrick/httpserver.rb:94:in `run'
  /Users/katdrobnjakovic/.rvm/rubies/ruby-2.0.0-p247/lib/ruby/2.0.0/webrick/server.rb:295:in `block in start_thread'


  Rendered /Users/katdrobnjakovic/.rvm/gems/ruby-2.0.0-p247@global/gems/actionpack-4.0.2/lib/action_dispatch/middleware/templates/rescues/_source.erb (1.9ms)
  Rendered /Users/katdrobnjakovic/.rvm/gems/ruby-2.0.0-p247@global/gems/actionpack-4.0.2/lib/action_dispatch/middleware/templates/rescues/_trace.erb (3.4ms)
  Rendered /Users/katdrobnjakovic/.rvm/gems/ruby-2.0.0-p247@global/gems/actionpack-4.0.2/lib/action_dispatch/middleware/templates/rescues/_request_and_response.erb (3.4ms)
  Rendered /Users/katdrobnjakovic/.rvm/gems/ruby-2.0.0-p247@global/gems/actionpack-4.0.2/lib/action_dispatch/middleware/templates/rescues/diagnostics.erb within rescues/layout (72.6ms)
  [1m[36mActiveRecord::SchemaMigration Load (2.0ms)[0m  [1mSELECT "schema_migrations".* FROM "schema_migrations"[0m
Migrating to CreateAnimalPosts (20140217220501)
  [1m[35m (0.8ms)[0m  BEGIN
  [1m[36m (51.8ms)[0m  [1mCREATE TABLE "animal_posts" ("id" serial primary key, "title" character varying(255), "body" text, "created_at" timestamp, "updated_at" timestamp) [0m
PG::DuplicateTable: ERROR:  relation "animal_posts" already exists
: CREATE TABLE "animal_posts" ("id" serial primary key, "title" character varying(255), "body" text, "created_at" timestamp, "updated_at" timestamp) 
  [1m[35m (0.7ms)[0m  ROLLBACK
  [1m[36mActiveRecord::SchemaMigration Load (35.8ms)[0m  [1mSELECT "schema_migrations".* FROM "schema_migrations"[0m
Migrating to CreateAnimalPosts (20140217220501)
  [1m[35m (0.3ms)[0m  BEGIN
  [1m[36m (53.1ms)[0m  [1mCREATE TABLE "animal_posts" ("id" serial primary key, "title" character varying(255), "body" text, "created_at" timestamp, "updated_at" timestamp) [0m
PG::DuplicateTable: ERROR:  relation "animal_posts" already exists
: CREATE TABLE "animal_posts" ("id" serial primary key, "title" character varying(255), "body" text, "created_at" timestamp, "updated_at" timestamp) 
  [1m[35m (0.4ms)[0m  ROLLBACK
  [1m[36mActiveRecord::SchemaMigration Load (9.8ms)[0m  [1mSELECT "schema_migrations".* FROM "schema_migrations"[0m
Migrating to CreateAnimalPosts (20140217234533)
  [1m[35m (0.4ms)[0m  BEGIN
  [1m[36m (63.4ms)[0m  [1mCREATE TABLE "animal_posts" ("id" serial primary key, "title" character varying(255), "body" text, "created_at" timestamp, "updated_at" timestamp) [0m
PG::DuplicateTable: ERROR:  relation "animal_posts" already exists
: CREATE TABLE "animal_posts" ("id" serial primary key, "title" character varying(255), "body" text, "created_at" timestamp, "updated_at" timestamp) 
  [1m[35m (0.4ms)[0m  ROLLBACK


Started GET "/animal_posts" for 127.0.0.1 at 2014-02-17 18:48:22 -0500
  [1m[36mActiveRecord::SchemaMigration Load (0.7ms)[0m  [1mSELECT "schema_migrations".* FROM "schema_migrations"[0m

ActiveRecord::PendingMigrationError (Migrations are pending; run 'bin/rake db:migrate RAILS_ENV=development' to resolve this issue.):
  activerecord (4.0.2) lib/active_record/migration.rb:379:in `check_pending!'
  activerecord (4.0.2) lib/active_record/migration.rb:366:in `call'
  actionpack (4.0.2) lib/action_dispatch/middleware/callbacks.rb:29:in `block in call'
  activesupport (4.0.2) lib/active_support/callbacks.rb:373:in `_run__319025551144133464__call__callbacks'
  activesupport (4.0.2) lib/active_support/callbacks.rb:80:in `run_callbacks'
  actionpack (4.0.2) lib/action_dispatch/middleware/callbacks.rb:27:in `call'
  actionpack (4.0.2) lib/action_dispatch/middleware/reloader.rb:64:in `call'
  actionpack (4.0.2) lib/action_dispatch/middleware/remote_ip.rb:76:in `call'
  actionpack (4.0.2) lib/action_dispatch/middleware/debug_exceptions.rb:17:in `call'
  actionpack (4.0.2) lib/action_dispatch/middleware/show_exceptions.rb:30:in `call'
  railties (4.0.2) lib/rails/rack/logger.rb:38:in `call_app'
  railties (4.0.2) lib/rails/rack/logger.rb:20:in `block in call'
  activesupport (4.0.2) lib/active_support/tagged_logging.rb:67:in `block in tagged'
  activesupport (4.0.2) lib/active_support/tagged_logging.rb:25:in `tagged'
  activesupport (4.0.2) lib/active_support/tagged_logging.rb:67:in `tagged'
  railties (4.0.2) lib/rails/rack/logger.rb:20:in `call'
  actionpack (4.0.2) lib/action_dispatch/middleware/request_id.rb:21:in `call'
  rack (1.5.2) lib/rack/methodoverride.rb:21:in `call'
  rack (1.5.2) lib/rack/runtime.rb:17:in `call'
  activesupport (4.0.2) lib/active_support/cache/strategy/local_cache.rb:83:in `call'
  rack (1.5.2) lib/rack/lock.rb:17:in `call'
  actionpack (4.0.2) lib/action_dispatch/middleware/static.rb:64:in `call'
  rack (1.5.2) lib/rack/sendfile.rb:112:in `call'
  railties (4.0.2) lib/rails/engine.rb:511:in `call'
  railties (4.0.2) lib/rails/application.rb:97:in `call'
  rack (1.5.2) lib/rack/lock.rb:17:in `call'
  rack (1.5.2) lib/rack/content_length.rb:14:in `call'
  rack (1.5.2) lib/rack/handler/webrick.rb:60:in `service'
  /Users/katdrobnjakovic/.rvm/rubies/ruby-2.0.0-p247/lib/ruby/2.0.0/webrick/httpserver.rb:138:in `service'
  /Users/katdrobnjakovic/.rvm/rubies/ruby-2.0.0-p247/lib/ruby/2.0.0/webrick/httpserver.rb:94:in `run'
  /Users/katdrobnjakovic/.rvm/rubies/ruby-2.0.0-p247/lib/ruby/2.0.0/webrick/server.rb:295:in `block in start_thread'


  Rendered /Users/katdrobnjakovic/.rvm/gems/ruby-2.0.0-p247@global/gems/actionpack-4.0.2/lib/action_dispatch/middleware/templates/rescues/_source.erb (0.7ms)
  Rendered /Users/katdrobnjakovic/.rvm/gems/ruby-2.0.0-p247@global/gems/actionpack-4.0.2/lib/action_dispatch/middleware/templates/rescues/_trace.erb (1.1ms)
  Rendered /Users/katdrobnjakovic/.rvm/gems/ruby-2.0.0-p247@global/gems/actionpack-4.0.2/lib/action_dispatch/middleware/templates/rescues/_request_and_response.erb (1.0ms)
  Rendered /Users/katdrobnjakovic/.rvm/gems/ruby-2.0.0-p247@global/gems/actionpack-4.0.2/lib/action_dispatch/middleware/templates/rescues/diagnostics.erb within rescues/layout (25.4ms)
  [1m[36mActiveRecord::SchemaMigration Load (0.8ms)[0m  [1mSELECT "schema_migrations".* FROM "schema_migrations"[0m
Migrating to CreateAnimalPosts (20140217235221)
  [1m[35m (0.2ms)[0m  BEGIN
  [1m[36m (5.7ms)[0m  [1mCREATE TABLE "animal_posts" ("id" serial primary key, "title" character varying(255), "body" text, "created_at" timestamp, "updated_at" timestamp) [0m
PG::DuplicateTable: ERROR:  relation "animal_posts" already exists
: CREATE TABLE "animal_posts" ("id" serial primary key, "title" character varying(255), "body" text, "created_at" timestamp, "updated_at" timestamp) 
  [1m[35m (0.2ms)[0m  ROLLBACK
  [1m[36mActiveRecord::SchemaMigration Load (0.8ms)[0m  [1mSELECT "schema_migrations".* FROM "schema_migrations"[0m
Migrating to CreateAnimalPosts (20140217235221)
  [1m[35m (0.3ms)[0m  BEGIN
  [1m[36m (56.2ms)[0m  [1mCREATE TABLE "animal_posts" ("id" serial primary key, "title" character varying(255), "body" text, "created_at" timestamp, "updated_at" timestamp) [0m
  [1m[35mSQL (1.5ms)[0m  INSERT INTO "schema_migrations" ("version") VALUES ($1)  [["version", "20140217235221"]]
  [1m[36m (1.0ms)[0m  [1mCOMMIT[0m
  [1m[35mActiveRecord::SchemaMigration Load (0.5ms)[0m  SELECT "schema_migrations".* FROM "schema_migrations"


Started GET "/animal_posts" for 127.0.0.1 at 2014-02-17 18:54:16 -0500
  [1m[36mActiveRecord::SchemaMigration Load (0.7ms)[0m  [1mSELECT "schema_migrations".* FROM "schema_migrations"[0m
Processing by AnimalPostsController#index as HTML
  [1m[35mAnimalPost Load (1.0ms)[0m  SELECT "animal_posts".* FROM "animal_posts"
  Rendered collection (0.0ms)
  Rendered animal_posts/index.html.erb within layouts/application (11.0ms)
Completed 200 OK in 2191ms (Views: 2130.9ms | ActiveRecord: 1.0ms)


Started GET "/assets/application.css?body=1" for 127.0.0.1 at 2014-02-17 18:54:19 -0500


Started GET "/assets/application.js?body=1" for 127.0.0.1 at 2014-02-17 18:54:19 -0500


Started GET "/assets/animal_posts.js?body=1" for 127.0.0.1 at 2014-02-17 18:54:19 -0500


Started GET "/assets/animal_posts.css?body=1" for 127.0.0.1 at 2014-02-17 18:54:19 -0500


Started GET "/animal_posts/new" for 127.0.0.1 at 2014-02-17 18:54:21 -0500
Processing by AnimalPostsController#new as HTML
  Rendered animal_posts/_form.html.erb (201.6ms)
  Rendered animal_posts/new.html.erb within layouts/application (204.0ms)
Completed 200 OK in 216ms (Views: 209.6ms | ActiveRecord: 3.8ms)


Started POST "/animal_posts" for 127.0.0.1 at 2014-02-17 18:54:27 -0500
Processing by AnimalPostsController#create as HTML
  Parameters: {"utf8"=>"✓", "authenticity_token"=>"Q6Zklwhwr0W8glAj5zXcH9ZZZLhhHmgyMWSk3NlfRm8=", "animal_post"=>{"title"=>"EM", "body"=>"so cute"}, "commit"=>"Create Animal post"}
  [1m[36m (0.3ms)[0m  [1mBEGIN[0m
  [1m[35mSQL (72.5ms)[0m  INSERT INTO "animal_posts" ("body", "created_at", "title", "updated_at") VALUES ($1, $2, $3, $4) RETURNING "id"  [["body", "so cute"], ["created_at", Mon, 17 Feb 2014 23:54:27 UTC +00:00], ["title", "EM"], ["updated_at", Mon, 17 Feb 2014 23:54:27 UTC +00:00]]
  [1m[36m (0.5ms)[0m  [1mCOMMIT[0m
Redirected to http://localhost:3000/animal_posts/1
Completed 302 Found in 79ms (ActiveRecord: 73.8ms)


Started GET "/animal_posts/1" for 127.0.0.1 at 2014-02-17 18:54:27 -0500
Processing by AnimalPostsController#show as HTML
  Parameters: {"id"=>"1"}
  [1m[35mAnimalPost Load (23.5ms)[0m  SELECT "animal_posts".* FROM "animal_posts" WHERE "animal_posts"."id" = $1 LIMIT 1  [["id", "1"]]
  Rendered animal_posts/show.html.erb within layouts/application (6.6ms)
Completed 500 Internal Server Error in 37ms

ActionView::Template::Error (undefined method `title' for nil:NilClass):
    1: <h1> <%= @animal_post.title %></h1> 
    2: 
    3: <p>
    4: 	Body: <%= @animal_post.body %>
  app/views/animal_posts/show.html.erb:1:in `_app_views_animal_posts_show_html_erb___4528646114799467858_70232742947460'


  Rendered /Users/katdrobnjakovic/.rvm/gems/ruby-2.0.0-p247@global/gems/actionpack-4.0.2/lib/action_dispatch/middleware/templates/rescues/_trace.erb (1.5ms)
  Rendered /Users/katdrobnjakovic/.rvm/gems/ruby-2.0.0-p247@global/gems/actionpack-4.0.2/lib/action_dispatch/middleware/templates/rescues/_request_and_response.erb (1.1ms)
  Rendered /Users/katdrobnjakovic/.rvm/gems/ruby-2.0.0-p247@global/gems/actionpack-4.0.2/lib/action_dispatch/middleware/templates/rescues/template_error.erb within rescues/layout (17.6ms)


Started GET "/" for 127.0.0.1 at 2014-02-18 09:47:58 -0500
  [1m[36mActiveRecord::SchemaMigration Load (112.2ms)[0m  [1mSELECT "schema_migrations".* FROM "schema_migrations"[0m
Processing by Rails::WelcomeController#index as HTML
  Rendered /Users/katdrobnjakovic/.rvm/gems/ruby-2.0.0-p247@global/gems/railties-4.0.2/lib/rails/templates/rails/welcome/index.html.erb (27.9ms)
Completed 200 OK in 148ms (Views: 113.3ms | ActiveRecord: 0.0ms)


Started GET "/" for 127.0.0.1 at 2014-02-18 09:48:04 -0500
Processing by Rails::WelcomeController#index as HTML
  Rendered /Users/katdrobnjakovic/.rvm/gems/ruby-2.0.0-p247@global/gems/railties-4.0.2/lib/rails/templates/rails/welcome/index.html.erb (0.1ms)
Completed 200 OK in 3ms (Views: 2.5ms | ActiveRecord: 0.0ms)


Started GET "/animals" for 127.0.0.1 at 2014-02-18 09:48:06 -0500

ActionController::RoutingError (No route matches [GET] "/animals"):
  actionpack (4.0.2) lib/action_dispatch/middleware/debug_exceptions.rb:21:in `call'
  actionpack (4.0.2) lib/action_dispatch/middleware/show_exceptions.rb:30:in `call'
  railties (4.0.2) lib/rails/rack/logger.rb:38:in `call_app'
  railties (4.0.2) lib/rails/rack/logger.rb:20:in `block in call'
  activesupport (4.0.2) lib/active_support/tagged_logging.rb:67:in `block in tagged'
  activesupport (4.0.2) lib/active_support/tagged_logging.rb:25:in `tagged'
  activesupport (4.0.2) lib/active_support/tagged_logging.rb:67:in `tagged'
  railties (4.0.2) lib/rails/rack/logger.rb:20:in `call'
  actionpack (4.0.2) lib/action_dispatch/middleware/request_id.rb:21:in `call'
  rack (1.5.2) lib/rack/methodoverride.rb:21:in `call'
  rack (1.5.2) lib/rack/runtime.rb:17:in `call'
  activesupport (4.0.2) lib/active_support/cache/strategy/local_cache.rb:83:in `call'
  rack (1.5.2) lib/rack/lock.rb:17:in `call'
  actionpack (4.0.2) lib/action_dispatch/middleware/static.rb:64:in `call'
  rack (1.5.2) lib/rack/sendfile.rb:112:in `call'
  railties (4.0.2) lib/rails/engine.rb:511:in `call'
  railties (4.0.2) lib/rails/application.rb:97:in `call'
  rack (1.5.2) lib/rack/lock.rb:17:in `call'
  rack (1.5.2) lib/rack/content_length.rb:14:in `call'
  rack (1.5.2) lib/rack/handler/webrick.rb:60:in `service'
  /Users/katdrobnjakovic/.rvm/rubies/ruby-2.0.0-p247/lib/ruby/2.0.0/webrick/httpserver.rb:138:in `service'
  /Users/katdrobnjakovic/.rvm/rubies/ruby-2.0.0-p247/lib/ruby/2.0.0/webrick/httpserver.rb:94:in `run'
  /Users/katdrobnjakovic/.rvm/rubies/ruby-2.0.0-p247/lib/ruby/2.0.0/webrick/server.rb:295:in `block in start_thread'


  Rendered /Users/katdrobnjakovic/.rvm/gems/ruby-2.0.0-p247@global/gems/actionpack-4.0.2/lib/action_dispatch/middleware/templates/rescues/_trace.erb (1.1ms)
  Rendered /Users/katdrobnjakovic/.rvm/gems/ruby-2.0.0-p247@global/gems/actionpack-4.0.2/lib/action_dispatch/middleware/templates/routes/_route.html.erb (3.7ms)
  Rendered /Users/katdrobnjakovic/.rvm/gems/ruby-2.0.0-p247@global/gems/actionpack-4.0.2/lib/action_dispatch/middleware/templates/routes/_table.html.erb (108.1ms)
  Rendered /Users/katdrobnjakovic/.rvm/gems/ruby-2.0.0-p247@global/gems/actionpack-4.0.2/lib/action_dispatch/middleware/templates/rescues/routing_error.erb within rescues/layout (167.2ms)


Started GET "/animal_posts/1" for 127.0.0.1 at 2014-02-18 09:48:10 -0500
Processing by AnimalPostsController#show as HTML
  Parameters: {"id"=>"1"}
  [1m[35mAnimalPost Load (32.2ms)[0m  SELECT "animal_posts".* FROM "animal_posts" WHERE "animal_posts"."id" = $1 LIMIT 1  [["id", "1"]]
  Rendered animal_posts/show.html.erb within layouts/application (22.2ms)
Completed 500 Internal Server Error in 92ms

ActionView::Template::Error (undefined method `title' for nil:NilClass):
    1: <h1> <%= @animal_post.title %></h1> 
    2: 
    3: <p>
    4: 	Body: <%= @animal_post.body %>
  app/views/animal_posts/show.html.erb:1:in `_app_views_animal_posts_show_html_erb__816719825822703950_70244143818200'


  Rendered /Users/katdrobnjakovic/.rvm/gems/ruby-2.0.0-p247@global/gems/actionpack-4.0.2/lib/action_dispatch/middleware/templates/rescues/_trace.erb (1.3ms)
  Rendered /Users/katdrobnjakovic/.rvm/gems/ruby-2.0.0-p247@global/gems/actionpack-4.0.2/lib/action_dispatch/middleware/templates/rescues/_request_and_response.erb (1.0ms)
  Rendered /Users/katdrobnjakovic/.rvm/gems/ruby-2.0.0-p247@global/gems/actionpack-4.0.2/lib/action_dispatch/middleware/templates/rescues/template_error.erb within rescues/layout (17.9ms)


Started GET "/animal_post" for 127.0.0.1 at 2014-02-18 09:48:11 -0500

ActionController::RoutingError (No route matches [GET] "/animal_post"):
  actionpack (4.0.2) lib/action_dispatch/middleware/debug_exceptions.rb:21:in `call'
  actionpack (4.0.2) lib/action_dispatch/middleware/show_exceptions.rb:30:in `call'
  railties (4.0.2) lib/rails/rack/logger.rb:38:in `call_app'
  railties (4.0.2) lib/rails/rack/logger.rb:20:in `block in call'
  activesupport (4.0.2) lib/active_support/tagged_logging.rb:67:in `block in tagged'
  activesupport (4.0.2) lib/active_support/tagged_logging.rb:25:in `tagged'
  activesupport (4.0.2) lib/active_support/tagged_logging.rb:67:in `tagged'
  railties (4.0.2) lib/rails/rack/logger.rb:20:in `call'
  actionpack (4.0.2) lib/action_dispatch/middleware/request_id.rb:21:in `call'
  rack (1.5.2) lib/rack/methodoverride.rb:21:in `call'
  rack (1.5.2) lib/rack/runtime.rb:17:in `call'
  activesupport (4.0.2) lib/active_support/cache/strategy/local_cache.rb:83:in `call'
  rack (1.5.2) lib/rack/lock.rb:17:in `call'
  actionpack (4.0.2) lib/action_dispatch/middleware/static.rb:64:in `call'
  rack (1.5.2) lib/rack/sendfile.rb:112:in `call'
  railties (4.0.2) lib/rails/engine.rb:511:in `call'
  railties (4.0.2) lib/rails/application.rb:97:in `call'
  rack (1.5.2) lib/rack/lock.rb:17:in `call'
  rack (1.5.2) lib/rack/content_length.rb:14:in `call'
  rack (1.5.2) lib/rack/handler/webrick.rb:60:in `service'
  /Users/katdrobnjakovic/.rvm/rubies/ruby-2.0.0-p247/lib/ruby/2.0.0/webrick/httpserver.rb:138:in `service'
  /Users/katdrobnjakovic/.rvm/rubies/ruby-2.0.0-p247/lib/ruby/2.0.0/webrick/httpserver.rb:94:in `run'
  /Users/katdrobnjakovic/.rvm/rubies/ruby-2.0.0-p247/lib/ruby/2.0.0/webrick/server.rb:295:in `block in start_thread'


  Rendered /Users/katdrobnjakovic/.rvm/gems/ruby-2.0.0-p247@global/gems/actionpack-4.0.2/lib/action_dispatch/middleware/templates/rescues/_trace.erb (0.9ms)
  Rendered /Users/katdrobnjakovic/.rvm/gems/ruby-2.0.0-p247@global/gems/actionpack-4.0.2/lib/action_dispatch/middleware/templates/routes/_route.html.erb (1.2ms)
  Rendered /Users/katdrobnjakovic/.rvm/gems/ruby-2.0.0-p247@global/gems/actionpack-4.0.2/lib/action_dispatch/middleware/templates/routes/_table.html.erb (1.0ms)
  Rendered /Users/katdrobnjakovic/.rvm/gems/ruby-2.0.0-p247@global/gems/actionpack-4.0.2/lib/action_dispatch/middleware/templates/rescues/routing_error.erb within rescues/layout (19.4ms)


Started GET "/animal_posts" for 127.0.0.1 at 2014-02-18 09:48:11 -0500
Processing by AnimalPostsController#index as HTML
  [1m[36mAnimalPost Load (0.6ms)[0m  [1mSELECT "animal_posts".* FROM "animal_posts"[0m
DEPRECATION WARNING: :confirm option is deprecated and will be removed from Rails 4.1. Use 'data: { confirm: 'Text' }' instead. (called from _app_views_animal_posts__animal_post_html_erb__3776486488267029695_70244142884000 at /Users/katdrobnjakovic/Dev/rails_projects/pet_adoption/app/views/animal_posts/_animal_post.html.erb:3)
  Rendered animal_posts/_animal_post.html.erb (2.8ms)
  Rendered animal_posts/index.html.erb within layouts/application (8.3ms)
Completed 200 OK in 466ms (Views: 464.6ms | ActiveRecord: 0.6ms)


Started GET "/assets/animal_posts.css?body=1" for 127.0.0.1 at 2014-02-18 09:48:12 -0500


Started GET "/assets/jquery_ujs.js?body=1" for 127.0.0.1 at 2014-02-18 09:48:12 -0500


Started GET "/assets/jquery.js?body=1" for 127.0.0.1 at 2014-02-18 09:48:12 -0500


Started GET "/assets/turbolinks.js?body=1" for 127.0.0.1 at 2014-02-18 09:48:12 -0500


Started GET "/assets/animal_posts.js?body=1" for 127.0.0.1 at 2014-02-18 09:48:12 -0500


Started GET "/assets/application.js?body=1" for 127.0.0.1 at 2014-02-18 09:48:12 -0500


Started GET "/assets/application.css?body=1" for 127.0.0.1 at 2014-02-18 09:48:12 -0500


Started GET "/animal_posts/new" for 127.0.0.1 at 2014-02-18 09:48:20 -0500
Processing by AnimalPostsController#new as HTML
  Rendered animal_posts/_form.html.erb (95.0ms)
  Rendered animal_posts/new.html.erb within layouts/application (98.8ms)
Completed 200 OK in 122ms (Views: 121.2ms | ActiveRecord: 0.0ms)


Started POST "/animal_posts" for 127.0.0.1 at 2014-02-18 09:48:30 -0500
Processing by AnimalPostsController#create as HTML
  Parameters: {"utf8"=>"✓", "authenticity_token"=>"TFNb4N9mWsmqq4r/0yGIqjodLRZEnVbsNWKyAOcypsc=", "animal_post"=>{"title"=>"Kat", "body"=>"a cute little kitten"}, "commit"=>"Create Animal post"}
  [1m[35m (0.3ms)[0m  BEGIN
  [1m[36mSQL (113.1ms)[0m  [1mINSERT INTO "animal_posts" ("body", "created_at", "title", "updated_at") VALUES ($1, $2, $3, $4) RETURNING "id"[0m  [["body", "a cute little kitten"], ["created_at", Tue, 18 Feb 2014 14:48:30 UTC +00:00], ["title", "Kat"], ["updated_at", Tue, 18 Feb 2014 14:48:30 UTC +00:00]]
  [1m[35m (897.9ms)[0m  COMMIT
Redirected to http://localhost:3000/animal_posts/2
Completed 302 Found in 1017ms (ActiveRecord: 1011.3ms)


Started GET "/animal_posts/2" for 127.0.0.1 at 2014-02-18 09:48:31 -0500
Processing by AnimalPostsController#show as HTML
  Parameters: {"id"=>"2"}
  [1m[36mAnimalPost Load (0.7ms)[0m  [1mSELECT "animal_posts".* FROM "animal_posts" WHERE "animal_posts"."id" = $1 LIMIT 1[0m  [["id", "2"]]
  Rendered animal_posts/show.html.erb within layouts/application (0.7ms)
Completed 500 Internal Server Error in 4ms

ActionView::Template::Error (undefined method `title' for nil:NilClass):
    1: <h1> <%= @animal_post.title %></h1> 
    2: 
    3: <p>
    4: 	Body: <%= @animal_post.body %>
  app/views/animal_posts/show.html.erb:1:in `_app_views_animal_posts_show_html_erb__816719825822703950_70244143818200'


  Rendered /Users/katdrobnjakovic/.rvm/gems/ruby-2.0.0-p247@global/gems/actionpack-4.0.2/lib/action_dispatch/middleware/templates/rescues/_trace.erb (1.1ms)
  Rendered /Users/katdrobnjakovic/.rvm/gems/ruby-2.0.0-p247@global/gems/actionpack-4.0.2/lib/action_dispatch/middleware/templates/rescues/_request_and_response.erb (1.0ms)
  Rendered /Users/katdrobnjakovic/.rvm/gems/ruby-2.0.0-p247@global/gems/actionpack-4.0.2/lib/action_dispatch/middleware/templates/rescues/template_error.erb within rescues/layout (13.7ms)


Started GET "/animal_posts/new" for 127.0.0.1 at 2014-02-18 10:08:02 -0500
Processing by AnimalPostsController#new as HTML
  Rendered animal_posts/_form.html.erb (2.6ms)
  Rendered animal_posts/new.html.erb within layouts/application (4.6ms)
Completed 200 OK in 12ms (Views: 10.8ms | ActiveRecord: 0.0ms)


Started GET "/animal_posts" for 127.0.0.1 at 2014-02-18 10:08:04 -0500
Processing by AnimalPostsController#index as HTML
  [1m[35mAnimalPost Load (0.6ms)[0m  SELECT "animal_posts".* FROM "animal_posts"
DEPRECATION WARNING: :confirm option is deprecated and will be removed from Rails 4.1. Use 'data: { confirm: 'Text' }' instead. (called from _app_views_animal_posts__animal_post_html_erb__3776486488267029695_70244144945940 at /Users/katdrobnjakovic/Dev/rails_projects/pet_adoption/app/views/animal_posts/_animal_post.html.erb:3)
DEPRECATION WARNING: :confirm option is deprecated and will be removed from Rails 4.1. Use 'data: { confirm: 'Text' }' instead. (called from _app_views_animal_posts__animal_post_html_erb__3776486488267029695_70244144945940 at /Users/katdrobnjakovic/Dev/rails_projects/pet_adoption/app/views/animal_posts/_animal_post.html.erb:3)
  Rendered animal_posts/_animal_post.html.erb (32.1ms)
  Rendered animal_posts/index.html.erb within layouts/application (36.1ms)
Completed 200 OK in 42ms (Views: 40.5ms | ActiveRecord: 0.6ms)


Started DELETE "/animal_posts/2" for 127.0.0.1 at 2014-02-18 10:08:10 -0500
Processing by AnimalPostsController#destroy as HTML
  Parameters: {"authenticity_token"=>"TFNb4N9mWsmqq4r/0yGIqjodLRZEnVbsNWKyAOcypsc=", "id"=>"2"}
  [1m[36mAnimalPost Load (2.8ms)[0m  [1mSELECT "animal_posts".* FROM "animal_posts" WHERE "animal_posts"."id" = $1 LIMIT 1[0m  [["id", "2"]]
  [1m[35m (0.4ms)[0m  BEGIN
  [1m[36mSQL (34.6ms)[0m  [1mDELETE FROM "animal_posts" WHERE "animal_posts"."id" = $1[0m  [["id", 2]]
  [1m[35m (0.5ms)[0m  COMMIT
Redirected to http://localhost:3000/animal_posts
Completed 302 Found in 43ms (ActiveRecord: 38.3ms)


Started GET "/animal_posts" for 127.0.0.1 at 2014-02-18 10:08:10 -0500
Processing by AnimalPostsController#index as HTML
  [1m[36mAnimalPost Load (0.5ms)[0m  [1mSELECT "animal_posts".* FROM "animal_posts"[0m
DEPRECATION WARNING: :confirm option is deprecated and will be removed from Rails 4.1. Use 'data: { confirm: 'Text' }' instead. (called from _app_views_animal_posts__animal_post_html_erb__3776486488267029695_70244142884000 at /Users/katdrobnjakovic/Dev/rails_projects/pet_adoption/app/views/animal_posts/_animal_post.html.erb:3)
  Rendered animal_posts/_animal_post.html.erb (0.7ms)
  Rendered animal_posts/index.html.erb within layouts/application (2.7ms)
Completed 200 OK in 7ms (Views: 5.8ms | ActiveRecord: 0.5ms)


Started GET "/assets/application.css?body=1" for 127.0.0.1 at 2014-02-18 10:08:10 -0500


Started GET "/animal_posts/1" for 127.0.0.1 at 2014-02-18 10:08:15 -0500
Processing by AnimalPostsController#show as HTML
  Parameters: {"id"=>"1"}
  [1m[35mAnimalPost Load (0.7ms)[0m  SELECT "animal_posts".* FROM "animal_posts" WHERE "animal_posts"."id" = $1 LIMIT 1  [["id", "1"]]
  Rendered animal_posts/show.html.erb within layouts/application (1.7ms)
Completed 500 Internal Server Error in 7ms

ActionView::Template::Error (undefined method `title' for nil:NilClass):
    1: <h1> <%= @animal_post.title %></h1> 
    2: 
    3: <p>
    4: 	Body: <%= @animal_post.body %>
  app/views/animal_posts/show.html.erb:1:in `_app_views_animal_posts_show_html_erb__816719825822703950_70244132975120'


  Rendered /Users/katdrobnjakovic/.rvm/gems/ruby-2.0.0-p247@global/gems/actionpack-4.0.2/lib/action_dispatch/middleware/templates/rescues/_trace.erb (1.6ms)
  Rendered /Users/katdrobnjakovic/.rvm/gems/ruby-2.0.0-p247@global/gems/actionpack-4.0.2/lib/action_dispatch/middleware/templates/rescues/_request_and_response.erb (1.0ms)
  Rendered /Users/katdrobnjakovic/.rvm/gems/ruby-2.0.0-p247@global/gems/actionpack-4.0.2/lib/action_dispatch/middleware/templates/rescues/template_error.erb within rescues/layout (16.7ms)


Started GET "/animal_posts/1" for 127.0.0.1 at 2014-02-18 10:08:15 -0500
Processing by AnimalPostsController#show as HTML
  Parameters: {"id"=>"1"}
  [1m[36mAnimalPost Load (0.7ms)[0m  [1mSELECT "animal_posts".* FROM "animal_posts" WHERE "animal_posts"."id" = $1 LIMIT 1[0m  [["id", "1"]]
  Rendered animal_posts/show.html.erb within layouts/application (1.1ms)
Completed 500 Internal Server Error in 6ms

ActionView::Template::Error (undefined method `title' for nil:NilClass):
    1: <h1> <%= @animal_post.title %></h1> 
    2: 
    3: <p>
    4: 	Body: <%= @animal_post.body %>
  app/views/animal_posts/show.html.erb:1:in `_app_views_animal_posts_show_html_erb__816719825822703950_70244143818200'


  Rendered /Users/katdrobnjakovic/.rvm/gems/ruby-2.0.0-p247@global/gems/actionpack-4.0.2/lib/action_dispatch/middleware/templates/rescues/_trace.erb (2.2ms)
  Rendered /Users/katdrobnjakovic/.rvm/gems/ruby-2.0.0-p247@global/gems/actionpack-4.0.2/lib/action_dispatch/middleware/templates/rescues/_request_and_response.erb (1.0ms)
  Rendered /Users/katdrobnjakovic/.rvm/gems/ruby-2.0.0-p247@global/gems/actionpack-4.0.2/lib/action_dispatch/middleware/templates/rescues/template_error.erb within rescues/layout (18.1ms)


Started GET "/animal_posts/1" for 127.0.0.1 at 2014-02-18 10:09:00 -0500
Processing by AnimalPostsController#show as HTML
  Parameters: {"id"=>"1"}
  [1m[35mAnimalPost Load (0.5ms)[0m  SELECT "animal_posts".* FROM "animal_posts" WHERE "animal_posts"."id" = $1 LIMIT 1  [["id", "1"]]
  Rendered animal_posts/show.html.erb within layouts/application (0.8ms)
Completed 200 OK in 20ms (Views: 5.6ms | ActiveRecord: 3.2ms)


Started GET "/assets/application.css?body=1" for 127.0.0.1 at 2014-02-18 10:09:01 -0500


Started GET "/animal_posts/1/edit" for 127.0.0.1 at 2014-02-18 10:09:04 -0500
Processing by AnimalPostsController#edit as HTML
  Parameters: {"id"=>"1"}
  [1m[36mAnimalPost Load (0.6ms)[0m  [1mSELECT "animal_posts".* FROM "animal_posts" WHERE "animal_posts"."id" = $1 LIMIT 1[0m  [["id", "1"]]
  Rendered animal_posts/_form.html.erb (2.7ms)
  Rendered animal_posts/edit.html.erb within layouts/application (4.3ms)
Completed 200 OK in 44ms (Views: 41.8ms | ActiveRecord: 0.6ms)


Started PATCH "/animal_posts/1" for 127.0.0.1 at 2014-02-18 10:09:09 -0500
Processing by AnimalPostsController#update as HTML
  Parameters: {"utf8"=>"✓", "authenticity_token"=>"TFNb4N9mWsmqq4r/0yGIqjodLRZEnVbsNWKyAOcypsc=", "animal_post"=>{"title"=>"EM", "body"=>"so cute !!"}, "commit"=>"Update Animal post", "id"=>"1"}
  [1m[35mAnimalPost Load (0.6ms)[0m  SELECT "animal_posts".* FROM "animal_posts" WHERE "animal_posts"."id" = $1 LIMIT 1  [["id", "1"]]
  [1m[36m (0.2ms)[0m  [1mBEGIN[0m
  [1m[35mSQL (21.2ms)[0m  UPDATE "animal_posts" SET "body" = $1, "updated_at" = $2 WHERE "animal_posts"."id" = 1  [["body", "so cute !!"], ["updated_at", Tue, 18 Feb 2014 15:09:09 UTC +00:00]]
  [1m[36m (0.4ms)[0m  [1mCOMMIT[0m
Redirected to http://localhost:3000/animal_posts/1
Completed 302 Found in 29ms (ActiveRecord: 22.4ms)


Started GET "/animal_posts/1" for 127.0.0.1 at 2014-02-18 10:09:09 -0500
Processing by AnimalPostsController#show as HTML
  Parameters: {"id"=>"1"}
  [1m[35mAnimalPost Load (0.5ms)[0m  SELECT "animal_posts".* FROM "animal_posts" WHERE "animal_posts"."id" = $1 LIMIT 1  [["id", "1"]]
  Rendered animal_posts/show.html.erb within layouts/application (0.5ms)
Completed 200 OK in 6ms (Views: 4.3ms | ActiveRecord: 0.5ms)


Started GET "/assets/application.css?body=1" for 127.0.0.1 at 2014-02-18 10:09:09 -0500


Started GET "/animal_posts" for 127.0.0.1 at 2014-02-18 10:09:12 -0500
Processing by AnimalPostsController#index as HTML
  [1m[36mAnimalPost Load (0.7ms)[0m  [1mSELECT "animal_posts".* FROM "animal_posts"[0m
DEPRECATION WARNING: :confirm option is deprecated and will be removed from Rails 4.1. Use 'data: { confirm: 'Text' }' instead. (called from _app_views_animal_posts__animal_post_html_erb__3776486488267029695_70244144945940 at /Users/katdrobnjakovic/Dev/rails_projects/pet_adoption/app/views/animal_posts/_animal_post.html.erb:3)
  Rendered animal_posts/_animal_post.html.erb (1.3ms)
  Rendered animal_posts/index.html.erb within layouts/application (4.2ms)
Completed 200 OK in 9ms (Views: 7.6ms | ActiveRecord: 0.7ms)


Started GET "/animal_posts/new" for 127.0.0.1 at 2014-02-18 10:09:15 -0500
Processing by AnimalPostsController#new as HTML
  Rendered animal_posts/_form.html.erb (2.0ms)
  Rendered animal_posts/new.html.erb within layouts/application (2.8ms)
Completed 200 OK in 9ms (Views: 8.4ms | ActiveRecord: 0.0ms)


Started POST "/animal_posts" for 127.0.0.1 at 2014-02-18 10:09:25 -0500
Processing by AnimalPostsController#create as HTML
  Parameters: {"utf8"=>"✓", "authenticity_token"=>"TFNb4N9mWsmqq4r/0yGIqjodLRZEnVbsNWKyAOcypsc=", "animal_post"=>{"title"=>"Kat", "body"=>"the cutest little kitten "}, "commit"=>"Create Animal post"}
  [1m[35m (0.3ms)[0m  BEGIN
  [1m[36mSQL (0.7ms)[0m  [1mINSERT INTO "animal_posts" ("body", "created_at", "title", "updated_at") VALUES ($1, $2, $3, $4) RETURNING "id"[0m  [["body", "the cutest little kitten "], ["created_at", Tue, 18 Feb 2014 15:09:25 UTC +00:00], ["title", "Kat"], ["updated_at", Tue, 18 Feb 2014 15:09:25 UTC +00:00]]
  [1m[35m (0.6ms)[0m  COMMIT
Redirected to http://localhost:3000/animal_posts/3
Completed 302 Found in 6ms (ActiveRecord: 1.6ms)


Started GET "/animal_posts/3" for 127.0.0.1 at 2014-02-18 10:09:25 -0500
Processing by AnimalPostsController#show as HTML
  Parameters: {"id"=>"3"}
  [1m[36mAnimalPost Load (0.5ms)[0m  [1mSELECT "animal_posts".* FROM "animal_posts" WHERE "animal_posts"."id" = $1 LIMIT 1[0m  [["id", "3"]]
  Rendered animal_posts/show.html.erb within layouts/application (0.7ms)
Completed 200 OK in 8ms (Views: 5.8ms | ActiveRecord: 0.5ms)


Started GET "/assets/application.css?body=1" for 127.0.0.1 at 2014-02-18 10:09:25 -0500


Started GET "/animal_posts" for 127.0.0.1 at 2014-02-18 10:09:27 -0500
Processing by AnimalPostsController#index as HTML
  [1m[35mAnimalPost Load (0.6ms)[0m  SELECT "animal_posts".* FROM "animal_posts"
DEPRECATION WARNING: :confirm option is deprecated and will be removed from Rails 4.1. Use 'data: { confirm: 'Text' }' instead. (called from _app_views_animal_posts__animal_post_html_erb__3776486488267029695_70244144945940 at /Users/katdrobnjakovic/Dev/rails_projects/pet_adoption/app/views/animal_posts/_animal_post.html.erb:3)
DEPRECATION WARNING: :confirm option is deprecated and will be removed from Rails 4.1. Use 'data: { confirm: 'Text' }' instead. (called from _app_views_animal_posts__animal_post_html_erb__3776486488267029695_70244144945940 at /Users/katdrobnjakovic/Dev/rails_projects/pet_adoption/app/views/animal_posts/_animal_post.html.erb:3)
  Rendered animal_posts/_animal_post.html.erb (1.5ms)
  Rendered animal_posts/index.html.erb within layouts/application (4.2ms)
Completed 200 OK in 9ms (Views: 8.1ms | ActiveRecord: 0.6ms)
